Starting the Apache2.2 service
The Apache2.2 service is running.
] Apache/2.2.22 (Win32) PHP/5.3.10 configured -- resuming normal operations
[Sat Jun 04 20:36:14 2016] [notice] Server built: Apr 20 2012 11:04:01
[Sat Jun 04 20:36:14 2016] [notice] Parent: Created child process 12124
[Sat Jun 04 20:36:14 2016] [notice] Child 12124: Child process is running
[Sat Jun 04 20:36:14 2016] [notice] Child 12124: Acquired the start mutex.
[Sat Jun 04 20:36:14 2016] [notice] Child 12124: Starting 150 worker threads.
[Sat Jun 04 20:36:14 2016] [notice] Child 12124: Starting thread to listen on port 80.
[Sat Jun 04 20:36:14 2016] [notice] Child 12124: Starting thread to listen on port 80.
[Sat Jun 04 20:36:49 2016] [notice] Parent: Received shutdown signal -- Shutting down the server.
[Sat Jun 04 20:36:49 2016] [notice] Child 12124: Exit event signaled. Child process is ending.
[Sat Jun 04 20:36:50 2016] [notice] Child 12124: Released the start mutex
[Sat Jun 04 20:36:51 2016] [notice] Child 12124: All worker threads have exited.
[Sat Jun 04 20:36:51 2016] [notice] Child 12124: Child process is exiting
[Sat Jun 04 20:36:51 2016] [notice] Parent: Child process exited successfully.
Starting the Apache2.2 service
The Apache2.2 service is running.
] Apache/2.2.22 (Win32) PHP/5.3.10 configured -- resuming normal operations
[Sat Jun 04 20:37:20 2016] [notice] Server built: Apr 20 2012 11:04:01
[Sat Jun 04 20:37:20 2016] [notice] Parent: Created child process 13680
[Sat Jun 04 20:37:20 2016] [notice] Child 13680: Child process is running
[Sat Jun 04 20:37:20 2016] [notice] Child 13680: Acquired the start mutex.
[Sat Jun 04 20:37:20 2016] [notice] Child 13680: Starting 150 worker threads.
[Sat Jun 04 20:37:20 2016] [notice] Child 13680: Starting thread to listen on port 80.
[Sat Jun 04 20:37:20 2016] [notice] Child 13680: Starting thread to listen on port 80.
[Sat Jun 04 20:39:01 2016] [error] [client ::1] File does not exist: C:/apache/favicon.ico, referer: http://localhost/
[Sat Jun 04 20:39:12 2016] [notice] Parent: Received shutdown signal -- Shutting down the server.
[Sat Jun 04 20:39:12 2016] [notice] Child 13680: Exit event signaled. Child process is ending.
[Sat Jun 04 20:39:13 2016] [notice] Child 13680: Released the start mutex
[Sat Jun 04 20:39:14 2016] [notice] Child 13680: All worker threads have exited.
[Sat Jun 04 20:39:14 2016] [notice] Child 13680: Child process is exiting
[Sat Jun 04 20:39:14 2016] [notice] Parent: Child process exited successfully.
Starting the Apache2.2 service
The Apache2.2 service is running.
] Apache/2.2.22 (Win32) PHP/5.3.10 configured -- resuming normal operations
[Sat Jun 04 20:40:53 2016] [notice] Server built: Apr 20 2012 11:04:01
[Sat Jun 04 20:40:53 2016] [notice] Parent: Created child process 11008
[Sat Jun 04 20:40:53 2016] [notice] Child 11008: Child process is running
[Sat Jun 04 20:40:53 2016] [notice] Child 11008: Acquired the start mutex.
[Sat Jun 04 20:40:53 2016] [notice] Child 11008: Starting 150 worker threads.
[Sat Jun 04 20:40:53 2016] [notice] Child 11008: Starting thread to listen on port 7777.
[Sat Jun 04 20:40:53 2016] [notice] Child 11008: Starting thread to listen on port 7777.
[Sat Jun 04 22:55:12 2016] [notice] Parent: Received shutdown signal -- Shutting down the server.
[Sat Jun 04 22:55:12 2016] [notice] Child 11008: Exit event signaled. Child process is ending.
[Sat Jun 04 22:55:13 2016] [notice] Child 11008: Released the start mutex
[Sat Jun 04 22:55:14 2016] [notice] Child 11008: All worker threads have exited.
[Sat Jun 04 22:55:14 2016] [notice] Child 11008: Child process is exiting
[Sat Jun 04 22:55:14 2016] [notice] Parent: Child process exited successfully.
Starting the Apache2.2 service
The Apache2.2 service is running.
] Apache/2.2.22 (Win32) PHP/5.3.10 configured -- resuming normal operations
[Sat Jun 04 22:55:20 2016] [notice] Server built: Apr 20 2012 11:04:01
[Sat Jun 04 22:55:20 2016] [notice] Parent: Created child process 2616
[Sat Jun 04 22:55:20 2016] [notice] Child 2616: Child process is running
[Sat Jun 04 22:55:20 2016] [notice] Child 2616: Acquired the start mutex.
[Sat Jun 04 22:55:20 2016] [notice] Child 2616: Starting 150 worker threads.
[Sat Jun 04 22:55:20 2016] [notice] Child 2616: Starting thread to listen on port 7777.
[Sat Jun 04 22:55:20 2016] [notice] Child 2616: Starting thread to listen on port 7777.
[Sun Jun 05 19:26:29 2016] [notice] Parent: Received shutdown signal -- Shutting down the server.
[Sun Jun 05 19:26:29 2016] [notice] Child 2616: Exit event signaled. Child process is ending.
[Sun Jun 05 19:26:30 2016] [notice] Child 2616: Released the start mutex
[Sun Jun 05 19:26:31 2016] [notice] Child 2616: All worker threads have exited.
[Sun Jun 05 19:26:31 2016] [notice] Child 2616: Child process is exiting
[Sun Jun 05 19:26:31 2016] [notice] Parent: Child process exited successfully.
[Sun Jun 05 19:27:22 2016] [notice] Apache/2.2.22 (Win32) PHP/5.3.10 configured -- resuming normal operations
[Sun Jun 05 19:27:22 2016] [notice] Server built: Apr 20 2012 11:04:01
[Sun Jun 05 19:27:22 2016] [notice] Parent: Created child process 12020
[Sun Jun 05 19:27:22 2016] [notice] Child 12020: Child process is running
[Sun Jun 05 19:27:22 2016] [notice] Child 12020: Acquired the start mutex.
[Sun Jun 05 19:27:22 2016] [notice] Child 12020: Starting 150 worker threads.
[Sun Jun 05 19:27:22 2016] [notice] Child 12020: Starting thread to listen on port 7777.
[Sun Jun 05 19:27:22 2016] [notice] Child 12020: Starting thread to listen on port 7777.
[Sun Jun 05 21:05:26 2016] [warn] pid file C:/Apache2/logs/httpd.pid overwritten -- Unclean shutdown of previous Apache run?
[Sun Jun 05 21:05:32 2016] [notice] Apache/2.2.22 (Win32) PHP/5.3.10 configured -- resuming normal operations
[Sun Jun 05 21:05:32 2016] [notice] Server built: Apr 20 2012 11:04:01
[Sun Jun 05 21:05:32 2016] [notice] Parent: Created child process 3712
[Sun Jun 05 21:05:32 2016] [notice] Child 3712: Child process is running
[Sun Jun 05 21:05:33 2016] [notice] Child 3712: Acquired the start mutex.
[Sun Jun 05 21:05:33 2016] [notice] Child 3712: Starting 150 worker threads.
[Sun Jun 05 21:05:33 2016] [notice] Child 3712: Starting thread to listen on port 7777.
[Sun Jun 05 21:05:33 2016] [notice] Child 3712: Starting thread to listen on port 7777.
[Sun Jun 05 21:07:59 2016] [notice] Parent: Received shutdown signal -- Shutting down the server.
[Sun Jun 05 21:07:59 2016] [notice] Child 3712: Exit event signaled. Child process is ending.
[Sun Jun 05 21:08:00 2016] [notice] Child 3712: Released the start mutex
[Sun Jun 05 21:08:01 2016] [notice] Child 3712: All worker threads have exited.
[Sun Jun 05 21:08:01 2016] [notice] Child 3712: Child process is exiting
[Sun Jun 05 21:08:01 2016] [notice] Parent: Child process exited successfully.
[Mon Jun 06 10:04:28 2016] [notice] Apache/2.2.22 (Win32) PHP/5.3.10 configured -- resuming normal operations
[Mon Jun 06 10:04:28 2016] [notice] Server built: Apr 20 2012 11:04:01
[Mon Jun 06 10:04:28 2016] [notice] Parent: Created child process 6644
[Mon Jun 06 10:04:29 2016] [notice] Child 6644: Child process is running
[Mon Jun 06 10:04:29 2016] [notice] Child 6644: Acquired the start mutex.
[Mon Jun 06 10:04:29 2016] [notice] Child 6644: Starting 150 worker threads.
[Mon Jun 06 10:04:29 2016] [notice] Child 6644: Starting thread to listen on port 7777.
[Mon Jun 06 10:04:29 2016] [notice] Child 6644: Starting thread to listen on port 7777.
[Mon Jun 06 10:51:45 2016] [notice] Parent: Received shutdown signal -- Shutting down the server.
[Mon Jun 06 10:51:45 2016] [notice] Child 6644: Exit event signaled. Child process is ending.
[Mon Jun 06 10:51:46 2016] [notice] Child 6644: Released the start mutex
[Mon Jun 06 10:51:47 2016] [notice] Child 6644: All worker threads have exited.
[Mon Jun 06 10:51:47 2016] [notice] Child 6644: Child process is exiting
[Mon Jun 06 10:51:47 2016] [notice] Parent: Child process exited successfully.
(OS 3)Системе не удается найти указанный путь.  : httpd.exe: could not open error log file C:/apache/localhost/error.log.
Unable to open logs
(OS 3)Системе не удается найти указанный путь.  : httpd.exe: could not open error log file C:/apache/localhost/error.log.
Unable to open logs
[Wed Jun 08 02:00:05 2016] [notice] Apache/2.2.22 (Win32) PHP/5.3.10 configured -- resuming normal operations
[Wed Jun 08 02:00:05 2016] [notice] Server built: Apr 20 2012 11:04:01
[Wed Jun 08 02:00:05 2016] [notice] Parent: Created child process 6964
[Wed Jun 08 02:00:05 2016] [notice] Child 6964: Child process is running
[Wed Jun 08 02:00:05 2016] [notice] Child 6964: Acquired the start mutex.
[Wed Jun 08 02:00:05 2016] [notice] Child 6964: Starting 150 worker threads.
[Wed Jun 08 02:00:05 2016] [notice] Child 6964: Starting thread to listen on port 7777.
[Wed Jun 08 02:00:05 2016] [notice] Child 6964: Starting thread to listen on port 7777.
[Wed Jun 08 02:55:57 2016] [notice] Parent: Received shutdown signal -- Shutting down the server.
[Wed Jun 08 02:55:57 2016] [notice] Child 6964: Exit event signaled. Child process is ending.
[Wed Jun 08 02:55:58 2016] [notice] Child 6964: Released the start mutex
[Wed Jun 08 02:55:59 2016] [notice] Child 6964: All worker threads have exited.
[Wed Jun 08 02:56:00 2016] [notice] Child 6964: Child process is exiting
[Wed Jun 08 02:56:00 2016] [notice] Parent: Child process exited successfully.
[Wed Jun 08 11:44:32 2016] [notice] Apache/2.2.22 (Win32) PHP/5.3.10 configured -- resuming normal operations
[Wed Jun 08 11:44:32 2016] [notice] Server built: Apr 20 2012 11:04:01
[Wed Jun 08 11:44:32 2016] [notice] Parent: Created child process 9920
[Wed Jun 08 11:44:32 2016] [notice] Child 9920: Child process is running
[Wed Jun 08 11:44:32 2016] [notice] Child 9920: Acquired the start mutex.
[Wed Jun 08 11:44:32 2016] [notice] Child 9920: Starting 150 worker threads.
[Wed Jun 08 11:44:32 2016] [notice] Child 9920: Starting thread to listen on port 7777.
[Wed Jun 08 11:44:32 2016] [notice] Child 9920: Starting thread to listen on port 7777.
[Wed Jun 08 12:10:35 2016] [notice] Parent: Received shutdown signal -- Shutting down the server.
[Wed Jun 08 12:10:35 2016] [notice] Child 9920: Exit event signaled. Child process is ending.
[Wed Jun 08 12:10:36 2016] [notice] Child 9920: Released the start mutex
[Wed Jun 08 12:10:37 2016] [notice] Child 9920: All worker threads have exited.
[Wed Jun 08 12:10:38 2016] [notice] Child 9920: Child process is exiting
[Wed Jun 08 12:10:38 2016] [notice] Parent: Child process exited successfully.
[Wed Jun 08 13:28:26 2016] [notice] Apache/2.2.22 (Win32) PHP/5.3.10 configured -- resuming normal operations
[Wed Jun 08 13:28:26 2016] [notice] Server built: Apr 20 2012 11:04:01
[Wed Jun 08 13:28:26 2016] [notice] Parent: Created child process 10524
[Wed Jun 08 13:28:27 2016] [notice] Child 10524: Child process is running
[Wed Jun 08 13:28:27 2016] [notice] Child 10524: Acquired the start mutex.
[Wed Jun 08 13:28:27 2016] [notice] Child 10524: Starting 150 worker threads.
[Wed Jun 08 13:28:27 2016] [notice] Child 10524: Starting thread to listen on port 7777.
[Wed Jun 08 13:28:27 2016] [notice] Child 10524: Starting thread to listen on port 7777.
[Thu Jun 23 13:53:01 2016] [notice] Parent: Received shutdown signal -- Shutting down the server.
[Thu Jun 23 13:53:01 2016] [notice] Child 10524: Exit event signaled. Child process is ending.
[Thu Jun 23 13:53:02 2016] [notice] Child 10524: Released the start mutex
[Thu Jun 23 13:53:03 2016] [notice] Child 10524: All worker threads have exited.
[Thu Jun 23 13:53:04 2016] [notice] Child 10524: Child process is exiting
[Thu Jun 23 13:53:04 2016] [notice] Parent: Child process exited successfully.
[Mon Jan 30 00:17:57 2017] [notice] Apache/2.2.22 (Win32) PHP/5.3.10 configured -- resuming normal operations
[Mon Jan 30 00:17:57 2017] [notice] Server built: Apr 20 2012 11:04:01
[Mon Jan 30 00:17:57 2017] [notice] Parent: Created child process 44500
[Mon Jan 30 00:17:57 2017] [notice] Child 44500: Child process is running
[Mon Jan 30 00:17:57 2017] [notice] Child 44500: Acquired the start mutex.
[Mon Jan 30 00:17:57 2017] [notice] Child 44500: Starting 150 worker threads.
[Mon Jan 30 00:17:57 2017] [notice] Child 44500: Starting thread to listen on port 7777.
[Mon Jan 30 00:17:57 2017] [notice] Child 44500: Starting thread to listen on port 7777.
[Mon Jan 30 05:42:37 2017] [notice] Parent: Received shutdown signal -- Shutting down the server.
[Mon Jan 30 05:42:37 2017] [notice] Child 44500: Exit event signaled. Child process is ending.
[Mon Jan 30 05:42:38 2017] [notice] Child 44500: Released the start mutex
[Mon Jan 30 05:42:39 2017] [notice] Child 44500: All worker threads have exited.
[Mon Jan 30 05:42:40 2017] [notice] Child 44500: Child process is exiting
[Mon Jan 30 05:42:40 2017] [notice] Parent: Child process exited successfully.
[Fri Jun 02 14:18:06 2017] [notice] Apache/2.2.22 (Win32) PHP/5.3.10 configured -- resuming normal operations
[Fri Jun 02 14:18:06 2017] [notice] Server built: Apr 20 2012 11:04:01
[Fri Jun 02 14:18:06 2017] [notice] Parent: Created child process 74868
[Fri Jun 02 14:18:06 2017] [notice] Child 74868: Child process is running
[Fri Jun 02 14:18:06 2017] [notice] Child 74868: Acquired the start mutex.
[Fri Jun 02 14:18:06 2017] [notice] Child 74868: Starting 150 worker threads.
[Fri Jun 02 14:18:06 2017] [notice] Child 74868: Starting thread to listen on port 7777.
[Fri Jun 02 14:18:06 2017] [notice] Child 74868: Starting thread to listen on port 7777.
[Fri Jun 02 14:18:54 2017] [notice] Parent: Received shutdown signal -- Shutting down the server.
[Fri Jun 02 14:18:54 2017] [notice] Child 74868: Exit event signaled. Child process is ending.
[Fri Jun 02 14:18:55 2017] [notice] Child 74868: Released the start mutex
[Fri Jun 02 14:18:56 2017] [notice] Child 74868: All worker threads have exited.
[Fri Jun 02 14:18:56 2017] [notice] Child 74868: Child process is exiting
[Fri Jun 02 14:18:56 2017] [notice] Parent: Child process exited successfully.
[Fri Jun 02 14:19:42 2017] [notice] Apache/2.2.22 (Win32) PHP/5.3.10 configured -- resuming normal operations
[Fri Jun 02 14:19:42 2017] [notice] Server built: Apr 20 2012 11:04:01
[Fri Jun 02 14:19:42 2017] [notice] Parent: Created child process 74800
[Fri Jun 02 14:19:42 2017] [notice] Child 74800: Child process is running
[Fri Jun 02 14:19:42 2017] [notice] Child 74800: Acquired the start mutex.
[Fri Jun 02 14:19:42 2017] [notice] Child 74800: Starting 150 worker threads.
[Fri Jun 02 14:19:42 2017] [notice] Child 74800: Starting thread to listen on port 7777.
[Fri Jun 02 14:19:42 2017] [notice] Child 74800: Starting thread to listen on port 7777.
[Fri Jun 02 14:32:07 2017] [notice] Parent: child process exited with status 1 -- Restarting.
[Fri Aug 25 02:31:01 2017] [warn] pid file C:/Apache2/logs/httpd.pid overwritten -- Unclean shutdown of previous Apache run?
[Fri Aug 25 02:31:17 2017] [notice] Apache/2.2.22 (Win32) PHP/5.3.10 configured -- resuming normal operations
[Fri Aug 25 02:31:17 2017] [notice] Server built: Apr 20 2012 11:04:01
[Fri Aug 25 02:31:17 2017] [notice] Parent: Created child process 28064
[Fri Aug 25 02:31:17 2017] [notice] Child 28064: Child process is running
[Fri Aug 25 02:31:17 2017] [notice] Child 28064: Acquired the start mutex.
[Fri Aug 25 02:31:17 2017] [notice] Child 28064: Starting 150 worker threads.
[Fri Aug 25 02:31:17 2017] [notice] Child 28064: Starting thread to listen on port 7777.
[Fri Aug 25 02:31:17 2017] [notice] Child 28064: Starting thread to listen on port 7777.
[Mon Aug 28 00:13:03 2017] [notice] Parent: Received shutdown signal -- Shutting down the server.
[Mon Aug 28 00:13:03 2017] [notice] Child 28064: Exit event signaled. Child process is ending.
[Mon Aug 28 00:13:04 2017] [notice] Child 28064: Released the start mutex
[Mon Aug 28 00:13:06 2017] [notice] Child 28064: All worker threads have exited.
[Mon Aug 28 00:13:07 2017] [notice] Child 28064: Child process is exiting
[Mon Aug 28 00:13:07 2017] [notice] Parent: Child process exited successfully.
