::1 - - [05/Oct/2017:16:42:44 +0300] "GET /api/scheme.php?id=1 HTTP/1.0" 200 519
::1 - - [05/Oct/2017:16:42:44 +0300] "GET / HTTP/1.1" 200 519
::1 - - [05/Oct/2017:16:42:45 +0300] "GET /favicon.ico HTTP/1.1" 404 296
::1 - - [05/Oct/2017:16:43:30 +0300] "GET /api/scheme.php?id=1 HTTP/1.0" 200 35
::1 - - [05/Oct/2017:16:43:30 +0300] "GET / HTTP/1.1" 200 35
::1 - - [05/Oct/2017:16:43:56 +0300] "GET /signup HTTP/1.1" 301 324
::1 - - [05/Oct/2017:16:43:56 +0300] "GET /signup/ HTTP/1.1" 200 493
::1 - - [05/Oct/2017:16:44:04 +0300] "GET /signup/index HTTP/1.1" 404 297
::1 - - [05/Oct/2017:16:44:13 +0300] "GET /signup/index.php HTTP/1.1" 200 493
::1 - - [05/Oct/2017:16:44:16 +0300] "GET /signup/ HTTP/1.1" 200 493
::1 - - [05/Oct/2017:17:01:15 +0300] "GET /signup/ HTTP/1.1" 200 140
::1 - - [05/Oct/2017:17:04:33 +0300] "GET /signup/ HTTP/1.1" 200 146
::1 - - [05/Oct/2017:17:05:31 +0300] "GET /signup/ HTTP/1.1" 200 495
::1 - - [05/Oct/2017:17:05:41 +0300] "POST /signup/%3C?=$_SERVER[%27PHP_SELF%27]?%3E HTTP/1.1" 403 300
::1 - - [05/Oct/2017:17:05:43 +0300] "GET /favicon.ico HTTP/1.1" 404 296
::1 - - [05/Oct/2017:17:09:20 +0300] "POST /signup/%3C?=$_SERVER[%27PHP_SELF%27]?%3E HTTP/1.1" 403 300
::1 - - [05/Oct/2017:17:09:22 +0300] "GET /favicon.ico HTTP/1.1" 404 296
::1 - - [05/Oct/2017:17:09:30 +0300] "GET /favicon.ico HTTP/1.1" 404 296
::1 - - [05/Oct/2017:17:09:30 +0300] "GET /signup/ HTTP/1.1" 200 479
::1 - - [05/Oct/2017:17:09:30 +0300] "GET /favicon.ico HTTP/1.1" 404 296
::1 - - [05/Oct/2017:17:09:31 +0300] "GET /favicon.ico HTTP/1.1" 404 296
::1 - - [05/Oct/2017:17:09:54 +0300] "POST /signup/index.php HTTP/1.1" 200 -
::1 - - [05/Oct/2017:17:09:55 +0300] "GET /favicon.ico HTTP/1.1" 404 296
::1 - - [05/Oct/2017:17:11:53 +0300] "GET /signup/ HTTP/1.1" 200 487
::1 - - [05/Oct/2017:17:12:06 +0300] "POST /signup/index.php HTTP/1.1" 200 -
::1 - - [05/Oct/2017:17:12:07 +0300] "GET /favicon.ico HTTP/1.1" 404 296
::1 - - [05/Oct/2017:17:12:14 +0300] "GET /signup/ HTTP/1.1" 200 487
::1 - - [05/Oct/2017:17:12:14 +0300] "GET /favicon.ico HTTP/1.1" 404 296
::1 - - [05/Oct/2017:17:12:15 +0300] "GET /signup/ HTTP/1.1" 200 487
::1 - - [05/Oct/2017:17:12:15 +0300] "GET /favicon.ico HTTP/1.1" 404 296
::1 - - [05/Oct/2017:17:12:26 +0300] "POST /signup/index.php HTTP/1.1" 200 -
::1 - - [05/Oct/2017:17:12:27 +0300] "GET /favicon.ico HTTP/1.1" 404 296
::1 - - [05/Oct/2017:17:14:23 +0300] "POST /signup/index.php HTTP/1.1" 200 141
::1 - - [05/Oct/2017:17:15:17 +0300] "POST /signup/index.php HTTP/1.1" 200 13
::1 - - [05/Oct/2017:17:16:15 +0300] "GET /signup/ HTTP/1.1" 200 487
::1 - - [05/Oct/2017:17:16:16 +0300] "GET /favicon.ico HTTP/1.1" 404 296
::1 - - [05/Oct/2017:17:16:16 +0300] "GET /signup/ HTTP/1.1" 200 487
::1 - - [05/Oct/2017:17:16:16 +0300] "GET /signup/ HTTP/1.1" 200 487
::1 - - [05/Oct/2017:17:16:17 +0300] "GET /favicon.ico HTTP/1.1" 404 296
::1 - - [05/Oct/2017:17:16:18 +0300] "GET /favicon.ico HTTP/1.1" 404 296
::1 - - [05/Oct/2017:17:16:26 +0300] "POST /signup/index.php HTTP/1.1" 200 13
::1 - - [05/Oct/2017:17:16:29 +0300] "GET /favicon.ico HTTP/1.1" 404 296
::1 - - [05/Oct/2017:17:17:34 +0300] "POST /signup/index.php HTTP/1.1" 200 26
::1 - - [05/Oct/2017:17:18:26 +0300] "POST /signup/index.php HTTP/1.1" 200 26
::1 - - [05/Oct/2017:17:22:54 +0300] "POST /signup/index.php HTTP/1.1" 200 26
::1 - - [05/Oct/2017:17:22:57 +0300] "POST /signup/index.php HTTP/1.1" 200 26
::1 - - [05/Oct/2017:17:23:03 +0300] "GET /signup/ HTTP/1.1" 200 487
::1 - - [05/Oct/2017:17:23:03 +0300] "GET /signup/ HTTP/1.1" 200 487
::1 - - [05/Oct/2017:17:23:05 +0300] "GET /favicon.ico HTTP/1.1" 404 296
::1 - - [05/Oct/2017:17:23:13 +0300] "POST /signup/index.php HTTP/1.1" 200 26
::1 - - [05/Oct/2017:17:23:16 +0300] "GET /favicon.ico HTTP/1.1" 404 296
::1 - - [05/Oct/2017:17:23:39 +0300] "POST /signup/index.php HTTP/1.1" 200 183
::1 - - [05/Oct/2017:17:23:53 +0300] "GET /signup/ HTTP/1.1" 200 487
::1 - - [05/Oct/2017:17:23:54 +0300] "GET /favicon.ico HTTP/1.1" 404 296
::1 - - [05/Oct/2017:17:23:55 +0300] "GET /favicon.ico HTTP/1.1" 404 296
::1 - - [05/Oct/2017:17:24:02 +0300] "POST /signup/index.php HTTP/1.1" 200 179
::1 - - [05/Oct/2017:17:24:06 +0300] "GET /signup/ HTTP/1.1" 200 487
::1 - - [05/Oct/2017:17:24:07 +0300] "GET /favicon.ico HTTP/1.1" 404 296
::1 - - [05/Oct/2017:17:24:08 +0300] "GET /favicon.ico HTTP/1.1" 404 296
::1 - - [05/Oct/2017:17:24:21 +0300] "POST /signup/index.php HTTP/1.1" 200 170
::1 - - [05/Oct/2017:17:24:24 +0300] "GET /signup/ HTTP/1.1" 200 487
::1 - - [05/Oct/2017:17:24:26 +0300] "GET /favicon.ico HTTP/1.1" 404 296
::1 - - [05/Oct/2017:17:24:47 +0300] "POST /signup/index.php HTTP/1.1" 200 167
::1 - - [05/Oct/2017:17:24:50 +0300] "GET /signup/ HTTP/1.1" 200 487
::1 - - [05/Oct/2017:17:24:51 +0300] "GET /favicon.ico HTTP/1.1" 404 296
::1 - - [05/Oct/2017:17:24:54 +0300] "GET /signup/ HTTP/1.1" 200 487
::1 - - [05/Oct/2017:17:24:54 +0300] "GET /signup/ HTTP/1.1" 200 487
::1 - - [05/Oct/2017:17:24:56 +0300] "GET /favicon.ico HTTP/1.1" 404 296
::1 - - [05/Oct/2017:17:25:03 +0300] "POST /signup/index.php HTTP/1.1" 200 13
::1 - - [05/Oct/2017:17:25:36 +0300] "GET /signup/ HTTP/1.1" 200 167
::1 - - [05/Oct/2017:17:25:38 +0300] "GET /favicon.ico HTTP/1.1" 404 296
::1 - - [05/Oct/2017:17:25:50 +0300] "GET /signup/ HTTP/1.1" 200 487
::1 - - [05/Oct/2017:17:25:50 +0300] "GET /signup/ HTTP/1.1" 200 487
::1 - - [05/Oct/2017:17:25:52 +0300] "GET /favicon.ico HTTP/1.1" 404 296
::1 - - [05/Oct/2017:17:25:52 +0300] "POST /signup/index.php HTTP/1.1" 200 24
::1 - - [05/Oct/2017:17:26:18 +0300] "GET /signup/ HTTP/1.1" 200 487
::1 - - [05/Oct/2017:17:26:20 +0300] "GET /favicon.ico HTTP/1.1" 404 296
::1 - - [05/Oct/2017:17:26:20 +0300] "POST /signup/index.php HTTP/1.1" 200 24
::1 - - [05/Oct/2017:22:13:19 +0300] "GET /signup/ HTTP/1.1" 200 487
::1 - - [05/Oct/2017:22:13:21 +0300] "GET /favicon.ico HTTP/1.1" 404 296
::1 - - [05/Oct/2017:22:13:21 +0300] "GET /signup/ HTTP/1.1" 200 487
::1 - - [05/Oct/2017:22:13:21 +0300] "GET /signup/ HTTP/1.1" 200 487
::1 - - [05/Oct/2017:22:13:22 +0300] "GET /favicon.ico HTTP/1.1" 404 296
::1 - - [05/Oct/2017:22:13:24 +0300] "GET /favicon.ico HTTP/1.1" 404 296
::1 - - [05/Oct/2017:22:13:29 +0300] "POST /signup/index.php HTTP/1.1" 200 177
::1 - - [05/Oct/2017:22:13:32 +0300] "GET /favicon.ico HTTP/1.1" 404 296
::1 - - [05/Oct/2017:22:13:48 +0300] "GET /signup/ HTTP/1.1" 200 487
::1 - - [05/Oct/2017:22:13:49 +0300] "GET /favicon.ico HTTP/1.1" 404 296
::1 - - [05/Oct/2017:22:13:52 +0300] "GET /signup/ HTTP/1.1" 200 487
::1 - - [05/Oct/2017:22:13:52 +0300] "GET /signup/ HTTP/1.1" 200 487
::1 - - [05/Oct/2017:22:13:55 +0300] "GET /favicon.ico HTTP/1.1" 404 296
::1 - - [05/Oct/2017:22:14:04 +0300] "POST /signup/index.php HTTP/1.1" 200 22
::1 - - [05/Oct/2017:22:14:06 +0300] "GET /favicon.ico HTTP/1.1" 404 296
::1 - - [05/Oct/2017:22:15:24 +0300] "GET /signup/ HTTP/1.1" 200 487
::1 - - [05/Oct/2017:22:15:25 +0300] "GET /favicon.ico HTTP/1.1" 404 296
::1 - - [05/Oct/2017:22:15:26 +0300] "GET /signup/ HTTP/1.1" 200 487
::1 - - [05/Oct/2017:22:15:26 +0300] "GET /signup/ HTTP/1.1" 200 487
::1 - - [05/Oct/2017:22:15:27 +0300] "GET /favicon.ico HTTP/1.1" 404 296
::1 - - [05/Oct/2017:22:15:28 +0300] "GET /favicon.ico HTTP/1.1" 404 296
::1 - - [05/Oct/2017:22:15:29 +0300] "GET /favicon.ico HTTP/1.1" 404 296
::1 - - [05/Oct/2017:22:15:39 +0300] "POST /signup/index.php HTTP/1.1" 200 22
::1 - - [05/Oct/2017:22:15:41 +0300] "GET /favicon.ico HTTP/1.1" 404 296
::1 - - [05/Oct/2017:22:16:04 +0300] "GET /signup/ HTTP/1.1" 200 487
::1 - - [05/Oct/2017:22:16:06 +0300] "GET /favicon.ico HTTP/1.1" 404 296
::1 - - [05/Oct/2017:22:16:17 +0300] "POST /signup/index.php HTTP/1.1" 200 30
::1 - - [05/Oct/2017:22:16:20 +0300] "GET /favicon.ico HTTP/1.1" 404 296
::1 - - [05/Oct/2017:22:16:30 +0300] "POST /signup/index.php HTTP/1.1" 200 22
::1 - - [05/Oct/2017:22:16:34 +0300] "GET /favicon.ico HTTP/1.1" 404 296
::1 - - [05/Oct/2017:22:17:15 +0300] "POST /signup/index.php HTTP/1.1" 200 22
::1 - - [05/Oct/2017:22:17:19 +0300] "POST /signup/index.php HTTP/1.1" 200 22
::1 - - [05/Oct/2017:22:17:24 +0300] "GET /signup/ HTTP/1.1" 200 487
::1 - - [05/Oct/2017:22:17:25 +0300] "GET /signup/ HTTP/1.1" 200 487
::1 - - [05/Oct/2017:22:17:26 +0300] "GET /favicon.ico HTTP/1.1" 404 296
::1 - - [05/Oct/2017:22:17:34 +0300] "POST /signup/index.php HTTP/1.1" 200 22
::1 - - [05/Oct/2017:22:17:37 +0300] "GET /favicon.ico HTTP/1.1" 404 296
::1 - - [05/Oct/2017:22:18:15 +0300] "POST /signup/index.php HTTP/1.1" 200 22
::1 - - [05/Oct/2017:22:18:22 +0300] "GET /signup/ HTTP/1.1" 200 487
::1 - - [05/Oct/2017:22:18:22 +0300] "GET /signup/ HTTP/1.1" 200 487
::1 - - [05/Oct/2017:22:18:25 +0300] "GET /favicon.ico HTTP/1.1" 404 296
::1 - - [05/Oct/2017:22:18:32 +0300] "POST /signup/index.php HTTP/1.1" 200 22
::1 - - [05/Oct/2017:22:18:34 +0300] "GET /favicon.ico HTTP/1.1" 404 296
::1 - - [05/Oct/2017:22:18:51 +0300] "GET /signup/ HTTP/1.1" 200 487
::1 - - [05/Oct/2017:22:18:54 +0300] "GET /favicon.ico HTTP/1.1" 404 296
::1 - - [05/Oct/2017:22:18:59 +0300] "POST /signup/index.php HTTP/1.1" 200 177
::1 - - [05/Oct/2017:22:19:02 +0300] "GET /favicon.ico HTTP/1.1" 404 296
::1 - - [05/Oct/2017:22:21:54 +0300] "GET /signup/ HTTP/1.1" 200 487
::1 - - [05/Oct/2017:22:21:55 +0300] "GET /favicon.ico HTTP/1.1" 404 296
::1 - - [05/Oct/2017:22:22:01 +0300] "POST /signup/index.php HTTP/1.1" 200 177
::1 - - [05/Oct/2017:22:22:03 +0300] "GET /favicon.ico HTTP/1.1" 404 296
::1 - - [05/Oct/2017:22:22:09 +0300] "POST /signup/index.php HTTP/1.1" 200 22
::1 - - [05/Oct/2017:22:22:13 +0300] "GET /signup/ HTTP/1.1" 200 487
::1 - - [05/Oct/2017:22:22:14 +0300] "GET /favicon.ico HTTP/1.1" 404 296
::1 - - [05/Oct/2017:22:22:16 +0300] "GET /favicon.ico HTTP/1.1" 404 296
::1 - - [05/Oct/2017:22:22:25 +0300] "POST /signup/index.php HTTP/1.1" 200 23
::1 - - [05/Oct/2017:22:22:28 +0300] "GET /favicon.ico HTTP/1.1" 404 296
::1 - - [05/Oct/2017:22:23:00 +0300] "POST /signup/index.php HTTP/1.1" 200 23
::1 - - [05/Oct/2017:22:23:02 +0300] "POST /signup/index.php HTTP/1.1" 200 23
::1 - - [05/Oct/2017:22:23:07 +0300] "GET /signup/ HTTP/1.1" 200 487
::1 - - [05/Oct/2017:22:23:08 +0300] "GET /signup/ HTTP/1.1" 200 487
::1 - - [05/Oct/2017:22:23:09 +0300] "GET /favicon.ico HTTP/1.1" 404 296
::1 - - [05/Oct/2017:22:23:17 +0300] "POST /signup/index.php HTTP/1.1" 200 23
::1 - - [05/Oct/2017:22:23:19 +0300] "GET /favicon.ico HTTP/1.1" 404 296
::1 - - [05/Oct/2017:22:24:38 +0300] "GET /signup/ HTTP/1.1" 200 141
::1 - - [05/Oct/2017:22:24:39 +0300] "GET /signup/ HTTP/1.1" 200 141
::1 - - [05/Oct/2017:22:24:40 +0300] "GET /favicon.ico HTTP/1.1" 404 296
::1 - - [05/Oct/2017:22:24:57 +0300] "GET /signup/ HTTP/1.1" 200 487
::1 - - [05/Oct/2017:22:24:58 +0300] "GET /signup/ HTTP/1.1" 200 487
::1 - - [05/Oct/2017:22:25:00 +0300] "GET /favicon.ico HTTP/1.1" 404 296
::1 - - [05/Oct/2017:22:25:07 +0300] "POST /signup/index.php HTTP/1.1" 200 23
::1 - - [05/Oct/2017:22:25:09 +0300] "GET /favicon.ico HTTP/1.1" 404 296
::1 - - [05/Oct/2017:22:28:25 +0300] "GET /signup/ HTTP/1.1" 200 487
::1 - - [05/Oct/2017:22:28:25 +0300] "GET /favicon.ico HTTP/1.1" 404 296
::1 - - [05/Oct/2017:22:28:26 +0300] "GET /favicon.ico HTTP/1.1" 404 296
::1 - - [05/Oct/2017:22:28:28 +0300] "GET /favicon.ico HTTP/1.1" 404 296
::1 - - [05/Oct/2017:22:28:37 +0300] "POST /signup/index.php HTTP/1.1" 200 23
::1 - - [05/Oct/2017:22:28:39 +0300] "GET /favicon.ico HTTP/1.1" 404 296
::1 - - [05/Oct/2017:22:29:10 +0300] "POST /signup/index.php HTTP/1.1" 200 178
::1 - - [05/Oct/2017:22:29:25 +0300] "POST /signup/index.php HTTP/1.1" 200 179
::1 - - [05/Oct/2017:22:29:59 +0300] "POST /signup/index.php HTTP/1.1" 200 142
::1 - - [05/Oct/2017:22:32:19 +0300] "POST /signup/index.php HTTP/1.1" 200 142
::1 - - [05/Oct/2017:22:32:28 +0300] "POST /signup/index.php HTTP/1.1" 200 31
::1 - - [05/Oct/2017:22:34:06 +0300] "POST /signup/index.php HTTP/1.1" 200 450
::1 - - [05/Oct/2017:22:39:45 +0300] "GET /api/scheme.php?id=1 HTTP/1.0" 200 35
::1 - - [05/Oct/2017:22:39:45 +0300] "GET /index.php HTTP/1.1" 200 35
::1 - - [05/Oct/2017:22:39:45 +0300] "GET /api/scheme.php?id=1 HTTP/1.0" 200 35
::1 - - [05/Oct/2017:22:39:45 +0300] "GET /index.php HTTP/1.1" 200 35
::1 - - [05/Oct/2017:22:39:47 +0300] "GET /favicon.ico HTTP/1.1" 404 296
::1 - - [05/Oct/2017:22:42:36 +0300] "GET /signup/ HTTP/1.1" 200 150
::1 - - [05/Oct/2017:22:42:37 +0300] "GET /signup/ HTTP/1.1" 200 150
::1 - - [05/Oct/2017:22:42:38 +0300] "GET /favicon.ico HTTP/1.1" 404 296
::1 - - [05/Oct/2017:22:42:53 +0300] "GET /signup/ HTTP/1.1" 200 487
::1 - - [05/Oct/2017:22:42:53 +0300] "GET /signup/ HTTP/1.1" 200 487
::1 - - [05/Oct/2017:22:42:55 +0300] "GET /favicon.ico HTTP/1.1" 404 296
::1 - - [05/Oct/2017:22:43:00 +0300] "POST /signup/index.php HTTP/1.1" 200 229
::1 - - [05/Oct/2017:22:43:04 +0300] "GET /signup/ HTTP/1.1" 200 487
::1 - - [05/Oct/2017:22:43:05 +0300] "GET /favicon.ico HTTP/1.1" 404 296
::1 - - [05/Oct/2017:22:43:06 +0300] "GET /favicon.ico HTTP/1.1" 404 296
::1 - - [05/Oct/2017:22:43:12 +0300] "POST /signup/index.php HTTP/1.1" 200 275
::1 - - [05/Oct/2017:22:43:23 +0300] "GET /signup/ HTTP/1.1" 200 487
::1 - - [05/Oct/2017:22:43:23 +0300] "GET /favicon.ico HTTP/1.1" 404 296
::1 - - [05/Oct/2017:22:43:24 +0300] "GET /favicon.ico HTTP/1.1" 404 296
::1 - - [05/Oct/2017:22:44:56 +0300] "POST /signup/index.php HTTP/1.1" 200 275
::1 - - [05/Oct/2017:22:45:00 +0300] "GET /signup/ HTTP/1.1" 200 487
::1 - - [05/Oct/2017:22:45:01 +0300] "GET /favicon.ico HTTP/1.1" 404 296
::1 - - [05/Oct/2017:22:45:01 +0300] "GET /signup/ HTTP/1.1" 200 487
::1 - - [05/Oct/2017:22:45:01 +0300] "GET /favicon.ico HTTP/1.1" 404 296
::1 - - [05/Oct/2017:22:45:02 +0300] "GET /favicon.ico HTTP/1.1" 404 296
::1 - - [05/Oct/2017:22:45:03 +0300] "GET /signup/ HTTP/1.1" 200 487
::1 - - [05/Oct/2017:22:45:03 +0300] "GET /signup/ HTTP/1.1" 200 487
::1 - - [05/Oct/2017:22:45:05 +0300] "GET /favicon.ico HTTP/1.1" 404 296
::1 - - [05/Oct/2017:22:45:10 +0300] "POST /signup/index.php HTTP/1.1" 200 275
::1 - - [05/Oct/2017:22:45:13 +0300] "GET /signup/ HTTP/1.1" 200 487
::1 - - [05/Oct/2017:22:45:14 +0300] "GET /favicon.ico HTTP/1.1" 404 296
::1 - - [05/Oct/2017:22:45:15 +0300] "GET /favicon.ico HTTP/1.1" 404 296
::1 - - [05/Oct/2017:22:45:37 +0300] "GET /signup/ HTTP/1.1" 200 487
::1 - - [05/Oct/2017:22:45:38 +0300] "GET /signup/ HTTP/1.1" 200 487
::1 - - [05/Oct/2017:22:45:39 +0300] "GET /favicon.ico HTTP/1.1" 404 296
::1 - - [05/Oct/2017:22:45:49 +0300] "POST /signup/index.php HTTP/1.1" 200 275
::1 - - [05/Oct/2017:22:45:54 +0300] "GET /signup/ HTTP/1.1" 200 487
::1 - - [05/Oct/2017:22:45:55 +0300] "GET /favicon.ico HTTP/1.1" 404 296
::1 - - [05/Oct/2017:22:45:56 +0300] "GET /favicon.ico HTTP/1.1" 404 296
::1 - - [05/Oct/2017:22:45:59 +0300] "GET /signup/ HTTP/1.1" 200 487
::1 - - [05/Oct/2017:22:46:09 +0300] "POST /signup/index.php HTTP/1.1" 200 275
::1 - - [05/Oct/2017:22:47:24 +0300] "GET /signup/ HTTP/1.1" 200 487
::1 - - [05/Oct/2017:22:47:32 +0300] "POST /signup/index.php HTTP/1.1" 200 275
::1 - - [05/Oct/2017:22:48:48 +0300] "GET /signup/ HTTP/1.1" 200 487
::1 - - [05/Oct/2017:22:48:57 +0300] "POST /signup/index.php HTTP/1.1" 200 275
::1 - - [05/Oct/2017:22:50:11 +0300] "POST /signup/index.php HTTP/1.1" 200 275
::1 - - [05/Oct/2017:22:50:43 +0300] "POST /signup/index.php HTTP/1.1" 200 411
::1 - - [05/Oct/2017:22:50:44 +0300] "GET /favicon.ico HTTP/1.1" 404 296
::1 - - [05/Oct/2017:22:52:54 +0300] "GET /signup/index.php HTTP/1.1" 200 487
::1 - - [05/Oct/2017:22:53:13 +0300] "POST /signup/index.php HTTP/1.1" 200 411
::1 - - [05/Oct/2017:22:53:14 +0300] "GET /favicon.ico HTTP/1.1" 404 296
::1 - - [05/Oct/2017:22:54:07 +0300] "GET /signup/index.php HTTP/1.1" 200 487
::1 - - [05/Oct/2017:22:54:16 +0300] "POST /signup/index.php HTTP/1.1" 200 425
::1 - - [05/Oct/2017:22:54:18 +0300] "GET /favicon.ico HTTP/1.1" 404 296
::1 - - [05/Oct/2017:23:03:15 +0300] "GET /signup/index.php HTTP/1.1" 200 487
::1 - - [05/Oct/2017:23:03:25 +0300] "POST /signup/index.php HTTP/1.1" 200 425
::1 - - [05/Oct/2017:23:03:26 +0300] "GET /favicon.ico HTTP/1.1" 404 296
::1 - - [05/Oct/2017:23:04:14 +0300] "POST /signup/index.php HTTP/1.1" 200 229
::1 - - [05/Oct/2017:23:04:32 +0300] "POST /signup/index.php HTTP/1.1" 200 289
::1 - - [05/Oct/2017:23:05:51 +0300] "POST /signup/index.php HTTP/1.1" 200 289
::1 - - [05/Oct/2017:23:07:55 +0300] "POST /signup/index.php HTTP/1.1" 200 289
::1 - - [05/Oct/2017:23:09:41 +0300] "GET /signup/ HTTP/1.1" 200 487
::1 - - [05/Oct/2017:23:09:49 +0300] "POST /signup/index.php HTTP/1.1" 200 425
::1 - - [05/Oct/2017:23:09:50 +0300] "GET /favicon.ico HTTP/1.1" 404 296
::1 - - [06/Oct/2017:00:41:02 +0300] "GET /signup/ HTTP/1.1" 200 487
::1 - - [06/Oct/2017:00:41:18 +0300] "POST /signup/index.php HTTP/1.1" 200 397
::1 - - [06/Oct/2017:00:41:20 +0300] "GET /favicon.ico HTTP/1.1" 404 296
::1 - - [06/Oct/2017:00:41:39 +0300] "GET /api/scheme.php?id=1 HTTP/1.0" 200 35
::1 - - [06/Oct/2017:00:41:39 +0300] "GET /index.php HTTP/1.1" 200 35
::1 - - [06/Oct/2017:01:09:41 +0300] "GET /signup/ HTTP/1.1" 200 487
::1 - - [06/Oct/2017:01:10:00 +0300] "POST /signup/index.php HTTP/1.1" 200 397
::1 - - [06/Oct/2017:01:10:01 +0300] "GET /favicon.ico HTTP/1.1" 404 296
::1 - - [06/Oct/2017:18:34:48 +0300] "GET / HTTP/1.1" 200 159
::1 - - [06/Oct/2017:18:34:49 +0300] "GET /favicon.ico HTTP/1.1" 404 296
::1 - - [06/Oct/2017:18:35:13 +0300] "GET / HTTP/1.1" 200 154
::1 - - [06/Oct/2017:18:35:43 +0300] "GET / HTTP/1.1" 200 598
::1 - - [06/Oct/2017:18:38:06 +0300] "GET / HTTP/1.1" 200 636
::1 - - [06/Oct/2017:18:38:22 +0300] "POST /index.php HTTP/1.1" 200 263
::1 - - [06/Oct/2017:18:38:35 +0300] "GET / HTTP/1.1" 200 263
::1 - - [06/Oct/2017:18:38:40 +0300] "GET /favicon.ico HTTP/1.1" 404 296
::1 - - [08/Oct/2017:18:33:59 +0300] "GET / HTTP/1.1" 200 263
::1 - - [08/Oct/2017:18:34:13 +0300] "GET /login HTTP/1.1" 404 290
::1 - - [08/Oct/2017:18:34:19 +0300] "GET /login/ HTTP/1.1" 404 291
::1 - - [08/Oct/2017:18:34:40 +0300] "GET / HTTP/1.1" 200 263
::1 - - [08/Oct/2017:18:35:30 +0300] "GET / HTTP/1.1" 200 636
::1 - - [08/Oct/2017:18:35:44 +0300] "POST /index.php HTTP/1.1" 200 263
::1 - - [08/Oct/2017:18:36:22 +0300] "GET / HTTP/1.1" 200 263
::1 - - [08/Oct/2017:18:36:28 +0300] "GET /favicon.ico HTTP/1.1" 404 296
::1 - - [08/Oct/2017:18:36:29 +0300] "GET /signup/ HTTP/1.1" 200 487
::1 - - [08/Oct/2017:18:36:31 +0300] "GET /favicon.ico HTTP/1.1" 404 296
::1 - - [08/Oct/2017:18:36:40 +0300] "POST /signup/index.php HTTP/1.1" 200 215
::1 - - [08/Oct/2017:18:36:53 +0300] "POST /signup/index.php HTTP/1.1" 200 397
::1 - - [08/Oct/2017:18:36:55 +0300] "GET /index.php HTTP/1.1" 200 263
::1 - - [08/Oct/2017:18:37:00 +0300] "GET /favicon.ico HTTP/1.1" 404 296
::1 - - [08/Oct/2017:18:37:08 +0300] "GET /index.php HTTP/1.1" 200 636
::1 - - [08/Oct/2017:18:37:15 +0300] "POST /index.php HTTP/1.1" 200 263
::1 - - [08/Oct/2017:18:37:18 +0300] "GET /index.php HTTP/1.1" 200 263
::1 - - [08/Oct/2017:18:37:23 +0300] "GET /favicon.ico HTTP/1.1" 404 296
::1 - - [08/Oct/2017:18:40:46 +0300] "POST /signup/index.php HTTP/1.1" 200 37
::1 - - [08/Oct/2017:18:41:53 +0300] "POST /signup/index.php HTTP/1.1" 200 215
::1 - - [08/Oct/2017:18:42:13 +0300] "GET / HTTP/1.1" 200 636
::1 - - [08/Oct/2017:18:42:18 +0300] "POST /index.php HTTP/1.1" 200 189
::1 - - [08/Oct/2017:18:42:37 +0300] "GET / HTTP/1.1" 200 403
::1 - - [08/Oct/2017:18:42:38 +0300] "GET /favicon.ico HTTP/1.1" 404 296
::1 - - [08/Oct/2017:18:42:42 +0300] "GET / HTTP/1.1" 200 636
::1 - - [08/Oct/2017:18:42:47 +0300] "POST /index.php HTTP/1.1" 200 403
::1 - - [08/Oct/2017:18:42:49 +0300] "GET /favicon.ico HTTP/1.1" 404 296
::1 - - [08/Oct/2017:18:46:36 +0300] "GET / HTTP/1.1" 200 636
::1 - - [08/Oct/2017:18:46:45 +0300] "POST /index.php HTTP/1.1" 200 403
::1 - - [08/Oct/2017:18:46:47 +0300] "GET /favicon.ico HTTP/1.1" 404 296
::1 - - [08/Oct/2017:18:48:01 +0300] "POST /index.php HTTP/1.1" 200 411
::1 - - [08/Oct/2017:18:50:22 +0300] "POST /index.php HTTP/1.1" 200 49
::1 - - [08/Oct/2017:18:50:32 +0300] "GET /index.php HTTP/1.1" 200 49
::1 - - [23/Oct/2017:00:41:52 +0300] "GET / HTTP/1.1" 200 411
::1 - - [23/Oct/2017:00:41:52 +0300] "GET /favicon.ico HTTP/1.1" 404 296
::1 - - [23/Oct/2017:00:42:54 +0300] "GET / HTTP/1.1" 200 636
::1 - - [23/Oct/2017:00:44:02 +0300] "GET /api/event.php?idEvent=1 HTTP/1.1" 200 143
::1 - - [23/Oct/2017:00:44:29 +0300] "GET /api/event.php?idEvent=1 HTTP/1.1" 200 137
::1 - - [23/Oct/2017:00:44:50 +0300] "GET /api/event.php?idEvent=1 HTTP/1.1" 200 537
::1 - - [23/Oct/2017:00:45:17 +0300] "GET /api/event.php?idEvent=1 HTTP/1.1" 200 176
::1 - - [23/Oct/2017:00:45:32 +0300] "GET /api/event.php?idEvent=1 HTTP/1.1" 200 570
::1 - - [23/Oct/2017:00:47:32 +0300] "GET /api/event.php?idEvent=1 HTTP/1.1" 200 570
::1 - - [23/Oct/2017:00:48:16 +0300] "GET /api/event.php?idEvent=1 HTTP/1.1" 200 33
::1 - - [23/Oct/2017:00:48:28 +0300] "GET /api/event.php?idEvent=1 HTTP/1.1" 200 33
::1 - - [23/Oct/2017:00:48:29 +0300] "GET /api/event.php?idEvent=1 HTTP/1.1" 200 33
::1 - - [23/Oct/2017:00:48:30 +0300] "GET /api/event.php?idEvent=1 HTTP/1.1" 200 33
::1 - - [23/Oct/2017:00:48:53 +0300] "GET /api/event.php?idEvent=1 HTTP/1.1" 200 33
::1 - - [23/Oct/2017:00:49:58 +0300] "GET /api/event.php?idEvent=1 HTTP/1.1" 200 33
::1 - - [23/Oct/2017:00:50:00 +0300] "GET /api/event.php?idEvent=1 HTTP/1.1" 200 33
::1 - - [23/Oct/2017:00:50:39 +0300] "GET /api/event.php?idEvent=1 HTTP/1.1" 200 291
::1 - - [23/Oct/2017:00:50:58 +0300] "GET /api/event.php?idEvent=1 HTTP/1.1" 200 60
::1 - - [23/Oct/2017:00:51:38 +0300] "GET /api/event.php?idEvent=1 HTTP/1.1" 200 60
::1 - - [23/Oct/2017:00:52:20 +0300] "GET /api/event.php?idEvent=1 HTTP/1.1" 200 110
::1 - - [23/Oct/2017:00:52:50 +0300] "GET /api/event.php?idEvent=1 HTTP/1.1" 200 110
::1 - - [23/Oct/2017:00:52:58 +0300] "GET /api/event.php?idEvent=1 HTTP/1.1" 200 60
::1 - - [23/Oct/2017:00:57:05 +0300] "GET /api/event.php?idEvent=1 HTTP/1.1" 200 137
::1 - - [23/Oct/2017:00:57:20 +0300] "GET /api/event.php?idEvent=1 HTTP/1.1" 200 60
::1 - - [23/Oct/2017:00:58:05 +0300] "GET /api/event.php?idEvent=1 HTTP/1.1" 200 60
::1 - - [23/Oct/2017:00:58:11 +0300] "GET /api/event.php?idUser=1 HTTP/1.1" 200 4468896
::1 - - [23/Oct/2017:00:58:45 +0300] "GET /api/event.php?idUser=1 HTTP/1.1" 200 62
::1 - - [23/Oct/2017:00:59:48 +0300] "GET /api/event.php?idUser=1 HTTP/1.1" 200 129
::1 - - [23/Oct/2017:01:34:09 +0300] "GET /api/event.php?idUser=1 HTTP/1.1" 200 2
::1 - - [23/Oct/2017:01:34:10 +0300] "GET /favicon.ico HTTP/1.1" 404 296
::1 - - [23/Oct/2017:01:40:32 +0300] "GET / HTTP/1.1" 200 153
::1 - - [23/Oct/2017:01:40:57 +0300] "GET / HTTP/1.1" 200 153
::1 - - [23/Oct/2017:01:41:00 +0300] "GET / HTTP/1.1" 200 153
::1 - - [23/Oct/2017:01:41:32 +0300] "GET / HTTP/1.1" 200 636
::1 - - [23/Oct/2017:01:41:44 +0300] "POST /index.php HTTP/1.1" 200 401
::1 - - [23/Oct/2017:01:41:46 +0300] "GET /favicon.ico HTTP/1.1" 404 296
::1 - - [23/Oct/2017:01:41:46 +0300] "GET /signup/ HTTP/1.1" 200 487
::1 - - [23/Oct/2017:01:41:49 +0300] "GET /favicon.ico HTTP/1.1" 404 296
::1 - - [23/Oct/2017:01:42:02 +0300] "POST /signup/index.php HTTP/1.1" 200 397
::1 - - [23/Oct/2017:01:42:03 +0300] "GET /favicon.ico HTTP/1.1" 404 296
::1 - - [23/Oct/2017:01:42:06 +0300] "GET /index.php HTTP/1.1" 200 636
::1 - - [23/Oct/2017:01:42:07 +0300] "GET /favicon.ico HTTP/1.1" 404 296
::1 - - [23/Oct/2017:01:42:13 +0300] "POST /index.php HTTP/1.1" 200 172
::1 - - [23/Oct/2017:01:42:14 +0300] "GET /favicon.ico HTTP/1.1" 404 296
::1 - - [23/Oct/2017:01:42:27 +0300] "POST /index.php HTTP/1.1" 200 47
::1 - - [23/Oct/2017:01:42:46 +0300] "GET /api/event.php HTTP/1.1" 200 134
::1 - - [23/Oct/2017:01:44:00 +0300] "GET /api/event.php HTTP/1.1" 200 138
::1 - - [23/Oct/2017:01:44:13 +0300] "GET /api/event.php HTTP/1.1" 200 152
::1 - - [23/Oct/2017:01:44:37 +0300] "GET /api/event.php HTTP/1.1" 200 2
::1 - - [23/Oct/2017:01:45:14 +0300] "GET /api/event.php HTTP/1.1" 200 62
::1 - - [23/Oct/2017:11:08:56 +0300] "GET / HTTP/1.1" 200 47
::1 - - [23/Oct/2017:11:09:03 +0300] "GET /api/event.php?idEvent=1 HTTP/1.1" 200 35
::1 - - [23/Oct/2017:11:09:09 +0300] "GET /api/event.php HTTP/1.1" 200 37
::1 - - [23/Oct/2017:17:44:22 +0300] "GET /api/event.php HTTP/1.1" 200 144
::1 - - [23/Oct/2017:17:44:47 +0300] "GET /api/event.php HTTP/1.1" 200 37
::1 - - [23/Oct/2017:17:45:20 +0300] "POST /api/event.php HTTP/1.1" 200 292
::1 - - [23/Oct/2017:17:47:48 +0300] "GET /api/event.php HTTP/1.1" 200 -
::1 - - [23/Oct/2017:17:47:54 +0300] "GET / HTTP/1.1" 200 636
::1 - - [23/Oct/2017:17:48:02 +0300] "POST /index.php HTTP/1.1" 200 47
::1 - - [23/Oct/2017:17:48:04 +0300] "GET /favicon.ico HTTP/1.1" 404 296
::1 - - [23/Oct/2017:17:48:11 +0300] "POST /api/event.php HTTP/1.1" 200 292
::1 - - [23/Oct/2017:17:57:49 +0300] "GET / HTTP/1.1" 200 47
::1 - - [23/Oct/2017:17:58:23 +0300] "POST / HTTP/1.1" 200 47
::1 - - [23/Oct/2017:17:58:46 +0300] "POST /api/event.php HTTP/1.1" 200 37
::1 - - [23/Oct/2017:18:04:18 +0300] "POST /api/event.php HTTP/1.1" 200 37
::1 - - [23/Oct/2017:18:04:47 +0300] "POST /api/event.php HTTP/1.1" 200 37
::1 - - [23/Oct/2017:18:05:15 +0300] "POST /api/event.php HTTP/1.1" 200 37
::1 - - [23/Oct/2017:18:10:58 +0300] "POST /api/event.php HTTP/1.1" 200 -
::1 - - [23/Oct/2017:18:12:02 +0300] "POST /api/event.php HTTP/1.1" 200 -
::1 - - [23/Oct/2017:18:14:11 +0300] "POST /api/event.php HTTP/1.1" 200 37
::1 - - [23/Oct/2017:18:15:53 +0300] "POST /api/event.php HTTP/1.1" 200 -
::1 - - [23/Oct/2017:18:22:44 +0300] "GET /api/event.php HTTP/1.1" 200 73
::1 - - [29/Oct/2017:12:36:42 +0300] "GET / HTTP/1.1" 200 47
::1 - - [29/Oct/2017:12:36:43 +0300] "GET /favicon.ico HTTP/1.1" 404 296
::1 - - [29/Oct/2017:12:36:53 +0300] "GET /api/event.php?idEvent=1 HTTP/1.1" 200 144
::1 - - [29/Oct/2017:12:38:46 +0300] "GET /api/event.php?idEvent=1 HTTP/1.1" 200 137
::1 - - [29/Oct/2017:12:39:03 +0300] "GET /api/event.php?idEvent=1 HTTP/1.1" 200 141
::1 - - [29/Oct/2017:12:39:59 +0300] "GET /api/event.php?idEvent=1 HTTP/1.1" 200 169
::1 - - [29/Oct/2017:12:40:19 +0300] "GET /api/event.php?idEvent=1 HTTP/1.1" 200 169
::1 - - [29/Oct/2017:12:40:23 +0300] "GET /api/event.php?idEvent=1 HTTP/1.1" 200 169
::1 - - [29/Oct/2017:12:40:24 +0300] "GET /api/event.php?idEvent=1 HTTP/1.1" 200 169
::1 - - [29/Oct/2017:12:40:24 +0300] "GET /api/event.php?idEvent=1 HTTP/1.1" 200 169
::1 - - [29/Oct/2017:12:40:26 +0300] "GET /api/event.php?idEvent=1 HTTP/1.1" 200 169
::1 - - [29/Oct/2017:12:40:49 +0300] "GET /api/event.php?idEvent=1 HTTP/1.1" 403 665
::1 - - [29/Oct/2017:12:41:58 +0300] "GET /api/event.php?idEvent=1 HTTP/1.1" 200 147
::1 - - [29/Oct/2017:12:42:19 +0300] "GET /api/event.php?idEvent=1 HTTP/1.1" 200 35
::1 - - [29/Oct/2017:12:44:08 +0300] "GET /api/event.php?idEvent=2 HTTP/1.1" 403 -
::1 - - [29/Oct/2017:12:44:19 +0300] "GET /api/event.php?idEvent=1 HTTP/1.1" 200 35
::1 - - [29/Oct/2017:12:46:17 +0300] "GET /api/event.php?idEvent=1 HTTP/1.1" 200 35
::1 - - [29/Oct/2017:12:46:24 +0300] "GET /api/event.php?idEvent=3 HTTP/1.1" 403 -
::1 - - [29/Oct/2017:12:46:27 +0300] "GET /api/event.php?idEvent=8 HTTP/1.1" 403 -
::1 - - [29/Oct/2017:12:46:30 +0300] "GET /api/event.php?idEvent=7 HTTP/1.1" 200 35
::1 - - [29/Oct/2017:12:55:17 +0300] "GET /api/event.php?idEvent=7 HTTP/1.1" 200 155
::1 - - [29/Oct/2017:12:55:51 +0300] "GET /api/event.php?idEvent=7 HTTP/1.1" 200 35
::1 - - [29/Oct/2017:12:55:56 +0300] "GET /api/event.php?idEvent=2 HTTP/1.1" 403 -
::1 - - [29/Oct/2017:12:56:00 +0300] "GET /api/event.php?idEvent=1 HTTP/1.1" 200 35
::1 - - [31/Oct/2017:01:59:34 +0300] "GET / HTTP/1.1" 200 47
::1 - - [31/Oct/2017:01:59:34 +0300] "GET /favicon.ico HTTP/1.1" 404 296
::1 - - [12/Nov/2017:13:26:30 +0300] "GET /api/event.php HTTP/1.1" 200 161
::1 - - [12/Nov/2017:13:31:03 +0300] "GET /api/event.php HTTP/1.1" 403 -
::1 - - [12/Nov/2017:13:31:32 +0300] "GET /api/event.php?idEvent=1 HTTP/1.1" 403 -
::1 - - [12/Nov/2017:13:32:21 +0300] "GET /api/event.php?idEvent=2 HTTP/1.1" 403 -
::1 - - [12/Nov/2017:13:32:27 +0300] "GET /api/event.php?idEvent=90 HTTP/1.1" 403 -
::1 - - [12/Nov/2017:13:36:09 +0300] "GET /api/event.php?idEvent=90 HTTP/1.1" 403 -
::1 - - [12/Nov/2017:13:36:14 +0300] "GET /api/event.php HTTP/1.1" 200 356
::1 - - [12/Nov/2017:13:36:15 +0300] "GET /favicon.ico HTTP/1.1" 404 296
::1 - - [12/Nov/2017:13:37:07 +0300] "GET /api/event.php HTTP/1.1" 200 141
::1 - - [12/Nov/2017:13:38:54 +0300] "GET /api/event.php HTTP/1.1" 200 73
::1 - - [12/Nov/2017:13:39:00 +0300] "GET /api/event.php?idEvent=90 HTTP/1.1" 403 -
::1 - - [12/Nov/2017:13:39:29 +0300] "GET /api/event.php?idEvent=1 HTTP/1.1" 403 -
::1 - - [12/Nov/2017:13:39:36 +0300] "GET /api/event.php HTTP/1.1" 200 73
::1 - - [12/Nov/2017:13:39:44 +0300] "GET /api/event.php?idEvent=1 HTTP/1.1" 200 35
::1 - - [12/Nov/2017:13:41:12 +0300] "GET /api/event.php?idEvent=1 HTTP/1.1" 403 -
::1 - - [12/Nov/2017:13:41:20 +0300] "GET /api/event.php?idEvent=1 HTTP/1.1" 403 -
::1 - - [12/Nov/2017:13:41:24 +0300] "GET /api/event.php?idEvent=1 HTTP/1.1" 403 -
::1 - - [12/Nov/2017:13:41:27 +0300] "GET /api/event.php HTTP/1.1" 403 -
::1 - - [12/Nov/2017:13:41:30 +0300] "GET / HTTP/1.1" 200 636
::1 - - [12/Nov/2017:13:41:46 +0300] "GET /api/event.php?idEvent=1 HTTP/1.1" 403 -
::1 - - [12/Nov/2017:13:42:54 +0300] "GET /api/event.php?idEvent=1 HTTP/1.1" 403 -
::1 - - [12/Nov/2017:13:42:59 +0300] "GET /api/event.php?idEvent=1 HTTP/1.1" 403 -
::1 - - [12/Nov/2017:13:43:04 +0300] "GET /api/event.php?idEvent=1 HTTP/1.1" 403 -
::1 - - [12/Nov/2017:13:44:12 +0300] "POST /?username=user&password=pass HTTP/1.1" 200 636
::1 - - [12/Nov/2017:13:44:37 +0300] "POST /?username=user&password=pass HTTP/1.1" 200 636
::1 - - [12/Nov/2017:13:45:09 +0300] "POST / HTTP/1.1" 200 47
::1 - - [12/Nov/2017:13:46:02 +0300] "GET /api/event.php HTTP/1.1" 200 73
::1 - - [12/Nov/2017:13:46:20 +0300] "GET /api/event.php?idEvent=1 HTTP/1.1" 200 35
::1 - - [12/Nov/2017:13:46:35 +0300] "GET /api/group.php?idEvent=1 HTTP/1.1" 200 137
::1 - - [12/Nov/2017:13:46:57 +0300] "GET /api/group.php?idEvent=1 HTTP/1.1" 200 137
::1 - - [12/Nov/2017:13:47:15 +0300] "GET /api/group.php?idEvent=1 HTTP/1.1" 200 137
::1 - - [12/Nov/2017:13:47:33 +0300] "GET /api/group.php?idEvent=1 HTTP/1.1" 200 137
::1 - - [12/Nov/2017:13:47:50 +0300] "GET /api/group.php?idEvent=1 HTTP/1.1" 200 137
::1 - - [12/Nov/2017:13:48:05 +0300] "GET /api/group.php?idEvent=1 HTTP/1.1" 200 152
::1 - - [12/Nov/2017:13:48:40 +0300] "GET /api/group.php?idEvent=1 HTTP/1.1" 200 152
::1 - - [12/Nov/2017:13:49:09 +0300] "GET /api/group.php?idEvent=1 HTTP/1.1" 200 308
::1 - - [12/Nov/2017:13:50:22 +0300] "GET /api/group.php?idEvent=1 HTTP/1.1" 200 4
::1 - - [12/Nov/2017:13:51:11 +0300] "POST /api/group.php HTTP/1.1" 200 -
::1 - - [12/Nov/2017:13:51:21 +0300] "GET /api/group.php?idEvent=1 HTTP/1.1" 200 4
::1 - - [12/Nov/2017:13:52:36 +0300] "POST /api/group.php HTTP/1.1" 200 -
::1 - - [12/Nov/2017:15:08:06 +0300] "POST /api/group.php HTTP/1.1" 404 298
::1 - - [12/Nov/2017:15:08:31 +0300] "POST /api/category.php HTTP/1.1" 200 -
::1 - - [12/Nov/2017:15:09:17 +0300] "POST /api/category.php HTTP/1.1" 200 -
::1 - - [12/Nov/2017:15:09:55 +0300] "GET /api/category.php HTTP/1.1" 400 -
::1 - - [12/Nov/2017:15:10:01 +0300] "GET /api/category.php HTTP/1.1" 400 -
::1 - - [12/Nov/2017:15:10:50 +0300] "GET /api/category.php HTTP/1.1" 400 -
::1 - - [12/Nov/2017:15:11:25 +0300] "GET /api/category.php?idEvent=1 HTTP/1.1" 200 55
::1 - - [12/Nov/2017:15:12:09 +0300] "POST /api/category.php HTTP/1.1" 200 -
::1 - - [12/Nov/2017:15:12:13 +0300] "GET /api/category.php?idEvent=1 HTTP/1.1" 200 110
::1 - - [12/Nov/2017:15:33:33 +0300] "POST /api/category.php HTTP/1.1" 200 -
::1 - - [12/Nov/2017:15:33:40 +0300] "GET /api/category.php?idEvent=1 HTTP/1.1" 200 55
::1 - - [12/Nov/2017:15:33:51 +0300] "POST /api/category.php HTTP/1.1" 200 -
::1 - - [12/Nov/2017:15:33:59 +0300] "GET /api/category.php?idEvent=1 HTTP/1.1" 200 110
::1 - - [12/Nov/2017:17:04:22 +0300] "GET / HTTP/1.1" 200 636
::1 - - [12/Nov/2017:17:29:40 +0300] "GET / HTTP/1.1" 200 636
::1 - - [12/Nov/2017:18:46:40 +0300] "POST /api/event.php HTTP/1.1" 200 158
::1 - - [12/Nov/2017:18:47:08 +0300] "POST /api/event.php HTTP/1.1" 200 33
::1 - - [12/Nov/2017:18:52:21 +0300] "POST /api/event.php HTTP/1.1" 200 293
::1 - - [12/Nov/2017:18:55:15 +0300] "POST /api/event.php HTTP/1.1" 200 -
::1 - - [12/Nov/2017:22:42:23 +0300] "GET / HTTP/1.1" 200 636
::1 - - [12/Nov/2017:22:42:30 +0300] "POST /index.php HTTP/1.1" 200 47
::1 - - [12/Nov/2017:22:42:32 +0300] "GET /favicon.ico HTTP/1.1" 404 296
::1 - - [12/Nov/2017:22:42:38 +0300] "GET /api/event.php?idEvent=1 HTTP/1.1" 200 39
::1 - - [12/Nov/2017:22:42:40 +0300] "GET /favicon.ico HTTP/1.1" 404 296
::1 - - [12/Nov/2017:22:42:59 +0300] "GET /api/seat.php?idEvent=1 HTTP/1.1" 404 297
::1 - - [12/Nov/2017:22:48:30 +0300] "GET /api/seat.php?idEvent=1 HTTP/1.1" 200 37686
::1 - - [13/Nov/2017:01:10:27 +0300] "GET / HTTP/1.1" 200 47
::1 - - [13/Nov/2017:01:10:38 +0300] "GET /event?idEvent=1 HTTP/1.1" 301 333
::1 - - [13/Nov/2017:01:10:38 +0300] "GET /event/?idEvent=1 HTTP/1.1" 200 -
::1 - - [13/Nov/2017:01:12:34 +0300] "GET /event/index.php?idEvent=1 HTTP/1.1" 200 2465
::1 - - [13/Nov/2017:01:12:34 +0300] "GET /source/scripts/jquery-3.2.1.js HTTP/1.1" 404 315
::1 - - [13/Nov/2017:01:12:34 +0300] "GET /source/scripts/common.js HTTP/1.1" 404 309
::1 - - [13/Nov/2017:01:12:36 +0300] "GET /event/index.php?idEvent=1 HTTP/1.1" 200 2465
::1 - - [13/Nov/2017:01:12:36 +0300] "GET /source/scripts/jquery-3.2.1.js HTTP/1.1" 404 315
::1 - - [13/Nov/2017:01:12:36 +0300] "GET /source/scripts/common.js HTTP/1.1" 404 309
::1 - - [13/Nov/2017:01:14:32 +0300] "GET /event/index.php?idEvent=1 HTTP/1.1" 200 2455
::1 - - [13/Nov/2017:01:14:32 +0300] "GET /resources/js/common.js HTTP/1.1" 200 125
::1 - - [13/Nov/2017:01:14:32 +0300] "GET /resources/js/jquery-3.2.1.js HTTP/1.1" 200 268039
::1 - - [13/Nov/2017:01:14:32 +0300] "GET /event/api/seat.php?idEvent=1&_=1510524872828 HTTP/1.1" 404 303
::1 - - [13/Nov/2017:01:14:32 +0300] "GET /event/api/aisle.php?idEvent=1&_=1510524872829 HTTP/1.1" 404 304
::1 - - [13/Nov/2017:01:15:07 +0300] "GET /event/index.php?idEvent=1 HTTP/1.1" 200 2463
::1 - - [13/Nov/2017:01:15:07 +0300] "GET /event/api/seat.php?idEvent=1&_=1510524907950 HTTP/1.1" 404 303
::1 - - [13/Nov/2017:01:15:07 +0300] "GET /event/api/aisle.php?idEvent=1&_=1510524907951 HTTP/1.1" 404 304
::1 - - [13/Nov/2017:01:15:14 +0300] "GET /event/index.php?idEvent=1 HTTP/1.1" 200 2463
::1 - - [13/Nov/2017:01:15:14 +0300] "GET /event/api/seat.php?idEvent=1&_=1510524914413 HTTP/1.1" 404 303
::1 - - [13/Nov/2017:01:15:14 +0300] "GET /event/api/aisle.php?idEvent=1&_=1510524914414 HTTP/1.1" 404 304
::1 - - [13/Nov/2017:01:16:03 +0300] "GET /event/index.php?idEvent=1 HTTP/1.1" 200 2463
::1 - - [13/Nov/2017:01:16:04 +0300] "GET /event/api/seat.php?idEvent=1&_=1510524964039 HTTP/1.1" 404 303
::1 - - [13/Nov/2017:01:16:04 +0300] "GET /event/api/aisle.php?idEvent=1&_=1510524964040 HTTP/1.1" 404 304
::1 - - [13/Nov/2017:01:16:46 +0300] "GET /event/index.php?idEvent=1 HTTP/1.1" 200 2453
::1 - - [13/Nov/2017:01:16:46 +0300] "GET /event/seat.php?idEvent=1&_=1510525006622 HTTP/1.1" 404 299
::1 - - [13/Nov/2017:01:16:46 +0300] "GET /event/api/aisle.php?idEvent=1&_=1510525006623 HTTP/1.1" 404 304
::1 - - [13/Nov/2017:01:17:12 +0300] "GET /event/index.php?idEvent=1 HTTP/1.1" 200 2456
::1 - - [13/Nov/2017:01:17:13 +0300] "GET /seat.php?idEvent=1&_=1510525033220 HTTP/1.1" 404 293
::1 - - [13/Nov/2017:01:17:13 +0300] "GET /event/api/aisle.php?idEvent=1&_=1510525033221 HTTP/1.1" 404 304
::1 - - [13/Nov/2017:01:18:00 +0300] "GET /event/index.php?idEvent=1 HTTP/1.1" 200 2448
::1 - - [13/Nov/2017:01:18:01 +0300] "GET /api/aisle.php?idEvent=1&_=1510525081346 HTTP/1.1" 200 4
::1 - - [13/Nov/2017:01:18:01 +0300] "GET /api/seat.php?idEvent=1&_=1510525081345 HTTP/1.1" 200 37686
::1 - - [13/Nov/2017:01:19:32 +0300] "GET /event/index.php?idEvent=1 HTTP/1.1" 200 2447
::1 - - [13/Nov/2017:01:19:33 +0300] "GET /api/seat.php?idEvent=1&_=1510525173102 HTTP/1.1" 200 37686
::1 - - [13/Nov/2017:01:19:33 +0300] "GET /api/aisle.php?idEvent=1&_=1510525173103 HTTP/1.1" 200 4
::1 - - [13/Nov/2017:01:20:07 +0300] "GET /event/index.php?idEvent=1 HTTP/1.1" 200 2458
::1 - - [13/Nov/2017:01:20:08 +0300] "GET /api/seat.php?idEvent=1&_=1510525207983 HTTP/1.1" 200 37686
::1 - - [13/Nov/2017:01:20:08 +0300] "GET /api/aisle.php?idEvent=1&_=1510525207984 HTTP/1.1" 200 4
::1 - - [13/Nov/2017:01:22:16 +0300] "GET /event/index.php?idEvent=1 HTTP/1.1" 200 2442
::1 - - [13/Nov/2017:01:22:17 +0300] "GET /api/seat.php?idEvent=1&_=1510525337752 HTTP/1.1" 200 37686
::1 - - [13/Nov/2017:01:22:17 +0300] "GET /api/aisle.php?idEvent=1&_=1510525337753 HTTP/1.1" 200 4
::1 - - [13/Nov/2017:01:22:48 +0300] "GET /event/index.php?idEvent=1 HTTP/1.1" 200 2467
::1 - - [13/Nov/2017:01:22:49 +0300] "GET /api/seat.php?idEvent=1&_=1510525369026 HTTP/1.1" 200 37686
::1 - - [13/Nov/2017:01:22:49 +0300] "GET /api/aisle.php?idEvent=1&_=1510525369027 HTTP/1.1" 200 4
::1 - - [13/Nov/2017:01:23:20 +0300] "GET /event/index.php?idEvent=1 HTTP/1.1" 200 2466
::1 - - [13/Nov/2017:01:23:20 +0300] "GET /api/aisle.php?idEvent=1&_=1510525400448 HTTP/1.1" 200 4
::1 - - [13/Nov/2017:01:23:20 +0300] "GET /api/seat.php?idEvent=1&_=1510525400447 HTTP/1.1" 200 37686
::1 - - [13/Nov/2017:01:27:57 +0300] "GET /event/index.php?idEvent=1 HTTP/1.1" 200 2528
::1 - - [13/Nov/2017:01:29:03 +0300] "GET /event/index.php?idEvent=1 HTTP/1.1" 200 2530
::1 - - [13/Nov/2017:01:29:04 +0300] "GET /api/seat.php?idEvent=1&_=1510525744295 HTTP/1.1" 200 37686
::1 - - [13/Nov/2017:01:29:04 +0300] "GET /api/aisle.php?idEvent=1&_=1510525744296 HTTP/1.1" 200 4
::1 - - [13/Nov/2017:01:30:00 +0300] "GET /event/index.php?idEvent=1 HTTP/1.1" 200 2530
::1 - - [13/Nov/2017:01:30:00 +0300] "GET /api/seat.php?idEvent=1&_=1510525800578 HTTP/1.1" 200 37686
::1 - - [13/Nov/2017:01:30:00 +0300] "GET /api/aisle.php?idEvent=1&_=1510525800579 HTTP/1.1" 200 4
::1 - - [13/Nov/2017:01:30:02 +0300] "GET /event/index.php?idEvent=1 HTTP/1.1" 200 2530
::1 - - [13/Nov/2017:01:30:03 +0300] "GET /api/seat.php?idEvent=1&_=1510525803028 HTTP/1.1" 200 37686
::1 - - [13/Nov/2017:01:30:03 +0300] "GET /api/aisle.php?idEvent=1&_=1510525803029 HTTP/1.1" 200 4
::1 - - [13/Nov/2017:01:31:49 +0300] "GET /event/index.php?idEvent=1 HTTP/1.1" 200 2499
::1 - - [13/Nov/2017:01:31:49 +0300] "GET /resources/js/common.js HTTP/1.1" 304 -
::1 - - [13/Nov/2017:01:32:22 +0300] "GET /event/index.php?idEvent=1 HTTP/1.1" 200 2503
::1 - - [13/Nov/2017:01:32:22 +0300] "GET /resources/js/jquery-3.2.1.js HTTP/1.1" 304 -
::1 - - [13/Nov/2017:01:32:22 +0300] "GET /api/seat.php?idEvent=1&_=1510525942931 HTTP/1.1" 200 37686
::1 - - [13/Nov/2017:01:32:22 +0300] "GET /api/aisle.php?idEvent=1&_=1510525942932 HTTP/1.1" 200 4
::1 - - [13/Nov/2017:01:35:40 +0300] "GET /event/index.php?idEvent=1 HTTP/1.1" 200 2575
::1 - - [13/Nov/2017:01:35:41 +0300] "GET /api/seat.php?idEvent=1&_=1510526140954 HTTP/1.1" 200 37686
::1 - - [13/Nov/2017:01:35:41 +0300] "GET /api/aisle.php?idEvent=1&_=1510526140955 HTTP/1.1" 200 4
::1 - - [13/Nov/2017:01:36:29 +0300] "GET /event/index.php?idEvent=1 HTTP/1.1" 200 2542
::1 - - [13/Nov/2017:01:36:29 +0300] "GET /api/seat.php?idEvent=1&_=1510526189927 HTTP/1.1" 200 37686
::1 - - [13/Nov/2017:01:36:30 +0300] "GET /api/aisle.php?idEvent=1&_=1510526189928 HTTP/1.1" 200 4
::1 - - [13/Nov/2017:01:41:04 +0300] "GET /event.php?idEvent=1 HTTP/1.1" 404 294
::1 - - [13/Nov/2017:01:41:16 +0300] "GET /event/index.php?idEvent=1 HTTP/1.1" 200 2492
::1 - - [13/Nov/2017:01:41:16 +0300] "GET /api/seat.php?idEvent=1&_=1510526476853 HTTP/1.1" 200 37686
::1 - - [13/Nov/2017:01:41:16 +0300] "GET /api/aisle.php?idEvent=1&_=1510526476854 HTTP/1.1" 200 4
::1 - - [13/Nov/2017:01:52:18 +0300] "GET /event/index.php?idEvent=1 HTTP/1.1" 200 2359
::1 - - [13/Nov/2017:01:52:18 +0300] "GET /resources/js/common.js HTTP/1.1" 304 -
::1 - - [13/Nov/2017:01:52:18 +0300] "GET /resources/js/jquery-3.2.1.js HTTP/1.1" 304 -
::1 - - [13/Nov/2017:01:52:19 +0300] "GET /api/seat.php?idEvent=1&_=1510527138979 HTTP/1.1" 200 37686
::1 - - [13/Nov/2017:01:52:48 +0300] "GET /event/index.php?idEvent=1 HTTP/1.1" 200 2361
::1 - - [13/Nov/2017:01:52:48 +0300] "GET /api/seat.php?idEvent=1&_=1510527168506 HTTP/1.1" 200 37686
::1 - - [13/Nov/2017:01:53:29 +0300] "GET /event/index.php?idEvent=1 HTTP/1.1" 200 2390
::1 - - [13/Nov/2017:01:53:30 +0300] "GET /api/seat.php?idEvent=1&_=1510527210141 HTTP/1.1" 200 37686
::1 - - [13/Nov/2017:01:55:03 +0300] "GET /event/index.php?idEvent=1 HTTP/1.1" 200 2384
::1 - - [13/Nov/2017:01:55:04 +0300] "GET /api/seat.php?idEvent=1&_=1510527304090 HTTP/1.1" 200 37686
::1 - - [13/Nov/2017:01:56:41 +0300] "GET /event/index.php?idEvent=1 HTTP/1.1" 200 2388
::1 - - [13/Nov/2017:01:56:42 +0300] "GET /api/seat.php?idEvent=1&_=1510527401919 HTTP/1.1" 200 37686
::1 - - [13/Nov/2017:01:57:16 +0300] "GET /event/index.php?idEvent=1 HTTP/1.1" 200 2344
::1 - - [13/Nov/2017:01:57:16 +0300] "GET /api/seat.php?idEvent=1&_=1510527436408 HTTP/1.1" 200 37686
::1 - - [13/Nov/2017:01:58:01 +0300] "GET /event/index.php?idEvent=1 HTTP/1.1" 200 2373
::1 - - [13/Nov/2017:01:58:01 +0300] "GET /api/seat.php?idEvent=1&_=1510527481354 HTTP/1.1" 200 37686
::1 - - [13/Nov/2017:02:00:54 +0300] "GET /event/index.php?idEvent=1 HTTP/1.1" 200 2342
::1 - - [13/Nov/2017:02:00:56 +0300] "GET /api/seat.php?idEvent=1&_=1510527655650 HTTP/1.1" 200 37686
::1 - - [13/Nov/2017:02:01:29 +0300] "GET /event/index.php?idEvent=1 HTTP/1.1" 200 2367
::1 - - [13/Nov/2017:02:01:30 +0300] "GET /api/seat.php?idEvent=1&_=1510527690234 HTTP/1.1" 200 37686
::1 - - [13/Nov/2017:02:03:06 +0300] "GET /event/index.php?idEvent=1 HTTP/1.1" 200 2379
::1 - - [13/Nov/2017:02:03:07 +0300] "GET /api/seat.php?idEvent=1&_=1510527787308 HTTP/1.1" 200 37686
::1 - - [13/Nov/2017:02:03:52 +0300] "GET /event/index.php?idEvent=1 HTTP/1.1" 200 2408
::1 - - [13/Nov/2017:02:03:53 +0300] "GET /api/seat.php?idEvent=1&_=1510527832666 HTTP/1.1" 200 37686
::1 - - [13/Nov/2017:02:06:27 +0300] "GET /event/index.php?idEvent=1 HTTP/1.1" 200 2394
::1 - - [13/Nov/2017:02:06:28 +0300] "GET /api/seat.php?idEvent=1&_=1510527988103 HTTP/1.1" 200 37686
::1 - - [13/Nov/2017:02:06:36 +0300] "GET /event/index.php?idEvent=1 HTTP/1.1" 200 2394
::1 - - [13/Nov/2017:02:06:37 +0300] "GET /api/seat.php?idEvent=1&_=1510527996544 HTTP/1.1" 200 37686
::1 - - [13/Nov/2017:02:06:49 +0300] "GET /event/index.php?idEvent=1 HTTP/1.1" 200 2393
::1 - - [13/Nov/2017:02:06:50 +0300] "GET /api/seat.php?idEvent=1&_=1510528010237 HTTP/1.1" 200 37686
::1 - - [13/Nov/2017:02:09:00 +0300] "GET /event/index.php?idEvent=1 HTTP/1.1" 200 2428
::1 - - [13/Nov/2017:02:09:01 +0300] "GET /api/seat.php?idEvent=1&_=1510528141300 HTTP/1.1" 200 37686
::1 - - [13/Nov/2017:02:09:28 +0300] "GET /event/index.php?idEvent=1 HTTP/1.1" 200 2424
::1 - - [13/Nov/2017:02:09:29 +0300] "GET /api/seat.php?idEvent=1&_=1510528168942 HTTP/1.1" 200 37686
::1 - - [13/Nov/2017:02:09:46 +0300] "GET /event/index.php?idEvent=1 HTTP/1.1" 200 2432
::1 - - [13/Nov/2017:02:09:47 +0300] "GET /api/seat.php?idEvent=1&_=1510528187132 HTTP/1.1" 200 37686
::1 - - [13/Nov/2017:02:10:48 +0300] "GET /event/index.php?idEvent=1 HTTP/1.1" 200 2479
::1 - - [13/Nov/2017:02:10:49 +0300] "GET /api/seat.php?idEvent=1&_=1510528249516 HTTP/1.1" 200 37686
::1 - - [13/Nov/2017:02:11:26 +0300] "GET /event/index.php?idEvent=1 HTTP/1.1" 200 2476
::1 - - [13/Nov/2017:02:11:27 +0300] "GET /api/seat.php?idEvent=1&_=1510528286752 HTTP/1.1" 200 37686
::1 - - [13/Nov/2017:02:12:24 +0300] "GET /event/index.php?idEvent=1 HTTP/1.1" 200 2476
::1 - - [13/Nov/2017:02:12:24 +0300] "GET /resources/js/common.js HTTP/1.1" 304 -
::1 - - [13/Nov/2017:02:12:25 +0300] "GET /api/seat.php?idEvent=1&_=1510528344889 HTTP/1.1" 200 37686
::1 - - [13/Nov/2017:02:13:17 +0300] "GET /event/index.php?idEvent=1 HTTP/1.1" 200 2484
::1 - - [13/Nov/2017:02:13:18 +0300] "GET /api/seat.php?idEvent=1&_=1510528398239 HTTP/1.1" 200 37686
::1 - - [13/Nov/2017:02:14:19 +0300] "GET /event/index.php?idEvent=1 HTTP/1.1" 200 2492
::1 - - [13/Nov/2017:02:14:19 +0300] "GET /resources/js/jquery-3.2.1.js HTTP/1.1" 304 -
::1 - - [13/Nov/2017:02:14:20 +0300] "GET /api/seat.php?idEvent=1&_=1510528460048 HTTP/1.1" 200 37686
::1 - - [13/Nov/2017:02:15:59 +0300] "GET /event/index.php?idEvent=1 HTTP/1.1" 200 2492
::1 - - [13/Nov/2017:02:16:00 +0300] "GET /api/seat.php?idEvent=1&_=1510528559862 HTTP/1.1" 200 37686
::1 - - [13/Nov/2017:02:16:58 +0300] "GET /event/index.php?idEvent=1 HTTP/1.1" 200 2565
::1 - - [13/Nov/2017:02:16:59 +0300] "GET /resources/event.css HTTP/1.1" 404 304
::1 - - [13/Nov/2017:02:16:59 +0300] "GET /resources/event.css HTTP/1.1" 404 304
::1 - - [13/Nov/2017:02:16:59 +0300] "GET /api/seat.php?idEvent=1&_=1510528619618 HTTP/1.1" 200 37686
::1 - - [13/Nov/2017:02:17:18 +0300] "GET /event/index.php?idEvent=1 HTTP/1.1" 200 2565
::1 - - [13/Nov/2017:02:17:18 +0300] "GET /resources/event.css HTTP/1.1" 404 304
::1 - - [13/Nov/2017:02:17:18 +0300] "GET /api/seat.php?idEvent=1&_=1510528638374 HTTP/1.1" 200 37686
::1 - - [13/Nov/2017:02:17:30 +0300] "GET /event/index.php?idEvent=1 HTTP/1.1" 200 2569
::1 - - [13/Nov/2017:02:17:30 +0300] "GET /resources/css/event.css HTTP/1.1" 200 125
::1 - - [13/Nov/2017:02:17:31 +0300] "GET /api/seat.php?idEvent=1&_=1510528651335 HTTP/1.1" 200 37686
::1 - - [13/Nov/2017:02:18:03 +0300] "GET /event/index.php?idEvent=1 HTTP/1.1" 200 2569
::1 - - [13/Nov/2017:02:18:03 +0300] "GET /resources/css/event.css HTTP/1.1" 200 124
::1 - - [13/Nov/2017:02:18:03 +0300] "GET /api/seat.php?idEvent=1&_=1510528683516 HTTP/1.1" 200 37686
::1 - - [13/Nov/2017:02:18:27 +0300] "GET /event/index.php?idEvent=1 HTTP/1.1" 200 2569
::1 - - [13/Nov/2017:02:18:27 +0300] "GET /resources/css/event.css HTTP/1.1" 200 121
::1 - - [13/Nov/2017:02:18:28 +0300] "GET /api/seat.php?idEvent=1&_=1510528708096 HTTP/1.1" 200 37686
::1 - - [13/Nov/2017:02:18:55 +0300] "GET /event/index.php?idEvent=1 HTTP/1.1" 200 2569
::1 - - [13/Nov/2017:02:18:55 +0300] "GET /resources/css/event.css HTTP/1.1" 200 122
::1 - - [13/Nov/2017:02:18:55 +0300] "GET /api/seat.php?idEvent=1&_=1510528735529 HTTP/1.1" 200 37686
::1 - - [13/Nov/2017:02:19:04 +0300] "GET /event/index.php?idEvent=1 HTTP/1.1" 200 2569
::1 - - [13/Nov/2017:02:19:04 +0300] "GET /resources/css/event.css HTTP/1.1" 200 122
::1 - - [13/Nov/2017:02:19:04 +0300] "GET /api/seat.php?idEvent=1&_=1510528744715 HTTP/1.1" 200 37686
::1 - - [13/Nov/2017:02:19:34 +0300] "GET /event/index.php?idEvent=1 HTTP/1.1" 200 2569
::1 - - [13/Nov/2017:02:19:34 +0300] "GET /resources/css/event.css HTTP/1.1" 200 121
::1 - - [13/Nov/2017:02:19:35 +0300] "GET /api/seat.php?idEvent=1&_=1510528775133 HTTP/1.1" 200 37686
::1 - - [13/Nov/2017:02:19:43 +0300] "GET /event/index.php?idEvent=1 HTTP/1.1" 200 2569
::1 - - [13/Nov/2017:02:19:43 +0300] "GET /resources/css/event.css HTTP/1.1" 200 121
::1 - - [13/Nov/2017:02:19:44 +0300] "GET /api/seat.php?idEvent=1&_=1510528784012 HTTP/1.1" 200 37686
::1 - - [13/Nov/2017:02:19:50 +0300] "GET /event/index.php?idEvent=1 HTTP/1.1" 200 2569
::1 - - [13/Nov/2017:02:19:50 +0300] "GET /resources/css/event.css HTTP/1.1" 200 127
::1 - - [13/Nov/2017:02:19:51 +0300] "GET /api/seat.php?idEvent=1&_=1510528791181 HTTP/1.1" 200 37686
::1 - - [13/Nov/2017:02:19:59 +0300] "GET /event/index.php?idEvent=1 HTTP/1.1" 200 2569
::1 - - [13/Nov/2017:02:19:59 +0300] "GET /resources/css/event.css HTTP/1.1" 200 127
::1 - - [13/Nov/2017:02:20:00 +0300] "GET /api/seat.php?idEvent=1&_=1510528800124 HTTP/1.1" 200 37686
::1 - - [13/Nov/2017:02:20:12 +0300] "GET /event/index.php?idEvent=1 HTTP/1.1" 200 2569
::1 - - [13/Nov/2017:02:20:12 +0300] "GET /resources/css/event.css HTTP/1.1" 200 144
::1 - - [13/Nov/2017:02:20:13 +0300] "GET /api/seat.php?idEvent=1&_=1510528813025 HTTP/1.1" 200 37686
::1 - - [13/Nov/2017:02:20:22 +0300] "GET /event/index.php?idEvent=1 HTTP/1.1" 200 2569
::1 - - [13/Nov/2017:02:20:22 +0300] "GET /resources/css/event.css HTTP/1.1" 200 144
::1 - - [13/Nov/2017:02:20:23 +0300] "GET /api/seat.php?idEvent=1&_=1510528822905 HTTP/1.1" 200 37686
::1 - - [13/Nov/2017:02:20:34 +0300] "GET /event/index.php?idEvent=1 HTTP/1.1" 200 2569
::1 - - [13/Nov/2017:02:20:34 +0300] "GET /resources/css/event.css HTTP/1.1" 200 146
::1 - - [13/Nov/2017:02:20:34 +0300] "GET /api/seat.php?idEvent=1&_=1510528834733 HTTP/1.1" 200 37686
::1 - - [13/Nov/2017:02:20:57 +0300] "GET /event/index.php?idEvent=1 HTTP/1.1" 200 2569
::1 - - [13/Nov/2017:02:20:57 +0300] "GET /resources/css/event.css HTTP/1.1" 200 169
::1 - - [13/Nov/2017:02:20:58 +0300] "GET /api/seat.php?idEvent=1&_=1510528858293 HTTP/1.1" 200 37686
::1 - - [13/Nov/2017:02:21:08 +0300] "GET /event/index.php?idEvent=1 HTTP/1.1" 200 2569
::1 - - [13/Nov/2017:02:21:08 +0300] "GET /resources/css/event.css HTTP/1.1" 200 169
::1 - - [13/Nov/2017:02:21:09 +0300] "GET /api/seat.php?idEvent=1&_=1510528869258 HTTP/1.1" 200 37686
::1 - - [13/Nov/2017:02:23:33 +0300] "GET /event/index.php?idEvent=1 HTTP/1.1" 200 2588
::1 - - [13/Nov/2017:02:23:33 +0300] "GET /resources/css/event.css HTTP/1.1" 304 -
::1 - - [13/Nov/2017:02:23:34 +0300] "GET /api/seat.php?idEvent=1&_=1510529014424 HTTP/1.1" 200 37686
::1 - - [13/Nov/2017:02:23:58 +0300] "GET /event/index.php?idEvent=1 HTTP/1.1" 200 2588
::1 - - [13/Nov/2017:02:23:58 +0300] "GET /resources/css/event.css HTTP/1.1" 200 233
::1 - - [13/Nov/2017:02:23:58 +0300] "GET /api/seat.php?idEvent=1&_=1510529038622 HTTP/1.1" 200 37686
::1 - - [13/Nov/2017:02:24:24 +0300] "GET /event/index.php?idEvent=1 HTTP/1.1" 200 2588
::1 - - [13/Nov/2017:02:24:24 +0300] "GET /resources/css/event.css HTTP/1.1" 200 253
::1 - - [13/Nov/2017:02:24:24 +0300] "GET /api/seat.php?idEvent=1&_=1510529064669 HTTP/1.1" 200 37686
::1 - - [13/Nov/2017:02:24:31 +0300] "GET /event/index.php?idEvent=1 HTTP/1.1" 200 2588
::1 - - [13/Nov/2017:02:24:31 +0300] "GET /resources/css/event.css HTTP/1.1" 200 253
::1 - - [13/Nov/2017:02:24:31 +0300] "GET /api/seat.php?idEvent=1&_=1510529071452 HTTP/1.1" 200 37686
::1 - - [13/Nov/2017:02:30:44 +0300] "GET /event/index.php?idEvent=1 HTTP/1.1" 200 2588
::1 - - [13/Nov/2017:02:30:44 +0300] "GET /resources/css/event.css HTTP/1.1" 200 259
::1 - - [13/Nov/2017:02:30:46 +0300] "GET /api/seat.php?idEvent=1&_=1510529445737 HTTP/1.1" 200 37686
::1 - - [13/Nov/2017:02:45:05 +0300] "GET /event/index.php?idEvent=1 HTTP/1.1" 200 2762
::1 - - [13/Nov/2017:02:45:05 +0300] "GET /resources/js/common.js HTTP/1.1" 304 -
::1 - - [13/Nov/2017:02:45:05 +0300] "GET /resources/css/event.css HTTP/1.1" 200 307
::1 - - [13/Nov/2017:02:45:05 +0300] "GET /resources/js/jquery-3.2.1.js HTTP/1.1" 304 -
::1 - - [13/Nov/2017:02:45:06 +0300] "GET /api/seat.php?idEvent=1&_=1510530306400 HTTP/1.1" 200 37686
::1 - - [13/Nov/2017:02:45:07 +0300] "GET /event/undefinedaisle.php?idEvent=1&_=1510530306401 HTTP/1.1" 404 309
::1 - - [13/Nov/2017:02:46:35 +0300] "GET /event/index.php?idEvent=1 HTTP/1.1" 200 2746
::1 - - [13/Nov/2017:02:46:35 +0300] "GET /resources/css/event.css HTTP/1.1" 304 -
::1 - - [13/Nov/2017:02:46:36 +0300] "GET /api/seat.php?idEvent=1&_=1510530395841 HTTP/1.1" 200 37686
::1 - - [13/Nov/2017:02:46:36 +0300] "GET /api/aisle.php?idEvent=1&_=1510530395842 HTTP/1.1" 200 4
::1 - - [13/Nov/2017:02:46:57 +0300] "GET /event/index.php?idEvent=1 HTTP/1.1" 200 2747
::1 - - [13/Nov/2017:02:46:58 +0300] "GET /api/seat.php?idEvent=1&_=1510530418160 HTTP/1.1" 200 37686
::1 - - [13/Nov/2017:02:46:58 +0300] "GET /api/aisle.php?idEvent=1&_=1510530418161 HTTP/1.1" 200 4
::1 - - [13/Nov/2017:02:47:27 +0300] "GET /event/index.php?idEvent=1 HTTP/1.1" 200 2787
::1 - - [13/Nov/2017:02:47:27 +0300] "GET /api/seat.php?idEvent=1&_=1510530447670 HTTP/1.1" 200 37686
::1 - - [13/Nov/2017:02:47:28 +0300] "GET /api/aisle.php?idEvent=1&_=1510530447671 HTTP/1.1" 200 4
::1 - - [13/Nov/2017:02:48:38 +0300] "GET /event/index.php?idEvent=1 HTTP/1.1" 200 2834
::1 - - [13/Nov/2017:02:48:38 +0300] "GET /resources/css/event.css HTTP/1.1" 304 -
::1 - - [13/Nov/2017:02:48:38 +0300] "GET /api/seat.php?idEvent=1&_=1510530518636 HTTP/1.1" 200 37686
::1 - - [13/Nov/2017:02:48:39 +0300] "GET /api/aisle.php?idEvent=1&_=1510530518637 HTTP/1.1" 200 4
::1 - - [13/Nov/2017:02:49:19 +0300] "GET / HTTP/1.1" 200 47
::1 - - [13/Nov/2017:02:49:27 +0300] "GET /api/aisle.php?idEvent HTTP/1.1" 403 -
::1 - - [13/Nov/2017:02:49:31 +0300] "GET /api/aisle.php?idEvent=1 HTTP/1.1" 200 4
::1 - - [13/Nov/2017:02:50:26 +0300] "GET /api/aisle.php?idEvent=1 HTTP/1.1" 200 4
::1 - - [13/Nov/2017:02:50:28 +0300] "GET /api/aisle.php?idEvent=1 HTTP/1.1" 200 4
::1 - - [13/Nov/2017:02:50:48 +0300] "GET /api/aisle.php?idEvent=1 HTTP/1.1" 200 2654
::1 - - [13/Nov/2017:02:50:52 +0300] "GET /event/index.php?idEvent=1 HTTP/1.1" 200 2834
::1 - - [13/Nov/2017:02:50:53 +0300] "GET /resources/css/event.css HTTP/1.1" 304 -
::1 - - [13/Nov/2017:02:50:53 +0300] "GET /api/seat.php?idEvent=1&_=1510530653322 HTTP/1.1" 200 37686
::1 - - [13/Nov/2017:02:50:53 +0300] "GET /api/aisle.php?idEvent=1&_=1510530653323 HTTP/1.1" 200 2654
::1 - - [13/Nov/2017:02:51:11 +0300] "GET /event/index.php?idEvent=1 HTTP/1.1" 200 2833
::1 - - [13/Nov/2017:02:51:11 +0300] "GET /api/seat.php?idEvent=1&_=1510530671625 HTTP/1.1" 200 37686
::1 - - [13/Nov/2017:02:51:12 +0300] "GET /api/aisle.php?idEvent=1&_=1510530671626 HTTP/1.1" 200 2654
::1 - - [13/Nov/2017:02:51:48 +0300] "GET /event/index.php?idEvent=1 HTTP/1.1" 200 2833
::1 - - [13/Nov/2017:02:51:49 +0300] "GET /api/seat.php?idEvent=1&_=1510530708850 HTTP/1.1" 200 37686
::1 - - [13/Nov/2017:02:51:49 +0300] "GET /api/aisle.php?idEvent=1&_=1510530708851 HTTP/1.1" 200 2654
::1 - - [13/Nov/2017:02:52:30 +0300] "GET /event/index.php?idEvent=1 HTTP/1.1" 200 2833
::1 - - [13/Nov/2017:02:52:30 +0300] "GET /api/seat.php?idEvent=1&_=1510530750607 HTTP/1.1" 200 37686
::1 - - [13/Nov/2017:02:52:31 +0300] "GET /api/aisle.php?idEvent=1&_=1510530750608 HTTP/1.1" 200 2654
::1 - - [13/Nov/2017:02:52:49 +0300] "GET /event/index.php?idEvent=1 HTTP/1.1" 200 2833
::1 - - [13/Nov/2017:02:52:49 +0300] "GET /resources/css/event.css HTTP/1.1" 200 373
::1 - - [13/Nov/2017:02:52:50 +0300] "GET /api/seat.php?idEvent=1&_=1510530769869 HTTP/1.1" 200 37686
::1 - - [13/Nov/2017:02:52:50 +0300] "GET /api/aisle.php?idEvent=1&_=1510530769870 HTTP/1.1" 200 2654
::1 - - [13/Nov/2017:02:56:15 +0300] "GET /event/index.php?idEvent=1 HTTP/1.1" 200 2833
::1 - - [13/Nov/2017:02:56:15 +0300] "GET /resources/css/event.css HTTP/1.1" 200 392
::1 - - [13/Nov/2017:02:56:16 +0300] "GET /api/seat.php?idEvent=1&_=1510530976219 HTTP/1.1" 200 37686
::1 - - [13/Nov/2017:02:56:17 +0300] "GET /api/aisle.php?idEvent=1&_=1510530976220 HTTP/1.1" 200 2654
::1 - - [13/Nov/2017:02:56:30 +0300] "GET /event/index.php?idEvent=1 HTTP/1.1" 200 2833
::1 - - [13/Nov/2017:02:56:30 +0300] "GET /resources/css/event.css HTTP/1.1" 200 392
::1 - - [13/Nov/2017:02:56:31 +0300] "GET /api/seat.php?idEvent=1&_=1510530991402 HTTP/1.1" 200 37686
::1 - - [13/Nov/2017:02:56:32 +0300] "GET /api/aisle.php?idEvent=1&_=1510530991403 HTTP/1.1" 200 2654
::1 - - [13/Nov/2017:02:56:55 +0300] "GET /event/index.php?idEvent=1 HTTP/1.1" 200 2833
::1 - - [13/Nov/2017:02:56:55 +0300] "GET /resources/css/event.css HTTP/1.1" 200 368
::1 - - [13/Nov/2017:02:56:56 +0300] "GET /api/seat.php?idEvent=1&_=1510531015787 HTTP/1.1" 200 37686
::1 - - [13/Nov/2017:02:56:57 +0300] "GET /api/aisle.php?idEvent=1&_=1510531015788 HTTP/1.1" 200 2654
::1 - - [13/Nov/2017:02:57:06 +0300] "GET /event/index.php?idEvent=1 HTTP/1.1" 200 2833
::1 - - [13/Nov/2017:02:57:06 +0300] "GET /resources/css/event.css HTTP/1.1" 200 366
::1 - - [13/Nov/2017:02:57:07 +0300] "GET /api/seat.php?idEvent=1&_=1510531027066 HTTP/1.1" 200 37686
::1 - - [13/Nov/2017:02:57:07 +0300] "GET /api/aisle.php?idEvent=1&_=1510531027067 HTTP/1.1" 200 2654
::1 - - [13/Nov/2017:02:57:22 +0300] "GET /event/index.php?idEvent=1 HTTP/1.1" 200 2833
::1 - - [13/Nov/2017:02:57:22 +0300] "GET /resources/css/event.css HTTP/1.1" 200 382
::1 - - [13/Nov/2017:02:57:23 +0300] "GET /api/seat.php?idEvent=1&_=1510531043497 HTTP/1.1" 200 37686
::1 - - [13/Nov/2017:02:57:24 +0300] "GET /api/aisle.php?idEvent=1&_=1510531043498 HTTP/1.1" 200 2654
::1 - - [13/Nov/2017:02:58:50 +0300] "GET /event/index.php?idEvent=1 HTTP/1.1" 200 2833
::1 - - [13/Nov/2017:02:58:50 +0300] "GET /resources/css/event.css HTTP/1.1" 200 373
::1 - - [13/Nov/2017:02:58:51 +0300] "GET /api/seat.php?idEvent=1&_=1510531131599 HTTP/1.1" 200 37686
::1 - - [13/Nov/2017:02:58:52 +0300] "GET /api/aisle.php?idEvent=1&_=1510531131600 HTTP/1.1" 200 2654
::1 - - [13/Nov/2017:02:59:38 +0300] "GET /event/index.php?idEvent=1 HTTP/1.1" 200 2833
::1 - - [13/Nov/2017:02:59:38 +0300] "GET /resources/css/event.css HTTP/1.1" 200 389
::1 - - [13/Nov/2017:02:59:39 +0300] "GET /api/seat.php?idEvent=1&_=1510531179169 HTTP/1.1" 200 37686
::1 - - [13/Nov/2017:02:59:39 +0300] "GET /api/aisle.php?idEvent=1&_=1510531179170 HTTP/1.1" 200 2654
::1 - - [13/Nov/2017:03:00:04 +0300] "GET /event/index.php?idEvent=1 HTTP/1.1" 200 2833
::1 - - [13/Nov/2017:03:00:04 +0300] "GET /resources/css/event.css HTTP/1.1" 200 421
::1 - - [13/Nov/2017:03:00:05 +0300] "GET /api/seat.php?idEvent=1&_=1510531204843 HTTP/1.1" 200 37686
::1 - - [13/Nov/2017:03:00:05 +0300] "GET /api/aisle.php?idEvent=1&_=1510531204844 HTTP/1.1" 200 2654
::1 - - [13/Nov/2017:03:00:19 +0300] "GET /event/index.php?idEvent=1 HTTP/1.1" 200 2833
::1 - - [13/Nov/2017:03:00:19 +0300] "GET /resources/css/event.css HTTP/1.1" 200 438
::1 - - [13/Nov/2017:03:00:19 +0300] "GET /api/seat.php?idEvent=1&_=1510531219486 HTTP/1.1" 200 37686
::1 - - [13/Nov/2017:03:00:20 +0300] "GET /api/aisle.php?idEvent=1&_=1510531219487 HTTP/1.1" 200 2654
::1 - - [13/Nov/2017:03:00:28 +0300] "GET /event/index.php?idEvent=1 HTTP/1.1" 200 2833
::1 - - [13/Nov/2017:03:00:28 +0300] "GET /resources/css/event.css HTTP/1.1" 200 439
::1 - - [13/Nov/2017:03:00:29 +0300] "GET /api/seat.php?idEvent=1&_=1510531229169 HTTP/1.1" 200 37686
::1 - - [13/Nov/2017:03:00:29 +0300] "GET /api/aisle.php?idEvent=1&_=1510531229170 HTTP/1.1" 200 2654
::1 - - [13/Nov/2017:03:01:55 +0300] "GET /event/index.php?idEvent=1 HTTP/1.1" 200 2834
::1 - - [13/Nov/2017:03:01:55 +0300] "GET /resources/css/event.css HTTP/1.1" 304 -
::1 - - [13/Nov/2017:03:01:56 +0300] "GET /api/seat.php?idEvent=1&_=1510531315817 HTTP/1.1" 200 37686
::1 - - [13/Nov/2017:03:01:56 +0300] "GET /api/aisle.php?idEvent=1&_=1510531315818 HTTP/1.1" 200 2654
::1 - - [13/Nov/2017:03:03:04 +0300] "GET /event/index.php?idEvent=1 HTTP/1.1" 200 2834
::1 - - [13/Nov/2017:03:03:04 +0300] "GET /resources/css/event.css HTTP/1.1" 200 442
::1 - - [13/Nov/2017:03:03:05 +0300] "GET /api/seat.php?idEvent=1&_=1510531385318 HTTP/1.1" 200 37686
::1 - - [13/Nov/2017:03:03:05 +0300] "GET /api/aisle.php?idEvent=1&_=1510531385319 HTTP/1.1" 200 2654
::1 - - [13/Nov/2017:03:09:18 +0300] "GET /event/index.php?idEvent=1 HTTP/1.1" 200 2931
::1 - - [13/Nov/2017:03:09:18 +0300] "GET /resources/css/event.css HTTP/1.1" 304 -
::1 - - [13/Nov/2017:03:09:19 +0300] "GET /api/seat.php?idEvent=1&_=1510531758926 HTTP/1.1" 200 37686
::1 - - [13/Nov/2017:03:09:19 +0300] "GET /api/aisle.php?idEvent=1&_=1510531758927 HTTP/1.1" 200 2654
::1 - - [13/Nov/2017:03:09:58 +0300] "GET /event/index.php?idEvent=1 HTTP/1.1" 200 2990
::1 - - [13/Nov/2017:03:09:58 +0300] "GET /resources/css/event.css HTTP/1.1" 304 -
::1 - - [13/Nov/2017:03:09:58 +0300] "GET /resources/js/common.js HTTP/1.1" 304 -
::1 - - [13/Nov/2017:03:09:58 +0300] "GET /api/seat.php?idEvent=1&_=1510531798721 HTTP/1.1" 200 37686
::1 - - [13/Nov/2017:03:09:59 +0300] "GET /api/aisle.php?idEvent=1&_=1510531798722 HTTP/1.1" 200 2654
::1 - - [13/Nov/2017:03:11:00 +0300] "GET /event/index.php?idEvent=1 HTTP/1.1" 200 3025
::1 - - [13/Nov/2017:03:11:00 +0300] "GET /resources/css/event.css HTTP/1.1" 304 -
::1 - - [13/Nov/2017:03:11:20 +0300] "GET /event/index.php?idEvent=1 HTTP/1.1" 200 3024
::1 - - [13/Nov/2017:03:11:21 +0300] "GET /api/seat.php?idEvent=1&_=1510531881370 HTTP/1.1" 200 37686
::1 - - [13/Nov/2017:03:11:21 +0300] "GET /api/aisle.php?idEvent=1&_=1510531881371 HTTP/1.1" 200 2654
::1 - - [13/Nov/2017:03:14:28 +0300] "GET /event/index.php?idEvent=1 HTTP/1.1" 200 2958
::1 - - [13/Nov/2017:03:14:28 +0300] "GET /resources/css/event.css HTTP/1.1" 304 -
::1 - - [13/Nov/2017:03:14:28 +0300] "GET /resources/js/jquery-3.2.1.js HTTP/1.1" 304 -
::1 - - [13/Nov/2017:03:14:29 +0300] "GET /api/seat.php?idEvent=1&_=1510532069511 HTTP/1.1" 200 37686
::1 - - [13/Nov/2017:03:14:30 +0300] "GET /api/aisle.php?idEvent=1&_=1510532069512 HTTP/1.1" 200 2654
::1 - - [13/Nov/2017:03:15:32 +0300] "GET /event/index.php?idEvent=1 HTTP/1.1" 200 2999
::1 - - [13/Nov/2017:03:15:33 +0300] "GET /api/seat.php?idEvent=1&_=1510532133325 HTTP/1.1" 200 37686
::1 - - [13/Nov/2017:03:15:33 +0300] "GET /api/aisle.php?idEvent=1&_=1510532133326 HTTP/1.1" 200 2654
::1 - - [13/Nov/2017:03:16:22 +0300] "GET /event/index.php?idEvent=1 HTTP/1.1" 200 2999
::1 - - [13/Nov/2017:03:16:22 +0300] "GET /resources/css/event.css HTTP/1.1" 200 465
::1 - - [13/Nov/2017:03:16:22 +0300] "GET /api/seat.php?idEvent=1&_=1510532182805 HTTP/1.1" 200 37686
::1 - - [13/Nov/2017:03:16:23 +0300] "GET /api/aisle.php?idEvent=1&_=1510532182806 HTTP/1.1" 200 2654
::1 - - [13/Nov/2017:03:17:32 +0300] "GET /event/index.php?idEvent=1 HTTP/1.1" 200 2979
::1 - - [13/Nov/2017:03:17:32 +0300] "GET /resources/css/event.css HTTP/1.1" 304 -
::1 - - [13/Nov/2017:03:17:33 +0300] "GET /api/seat.php?idEvent=1&_=1510532253056 HTTP/1.1" 200 37686
::1 - - [13/Nov/2017:03:17:34 +0300] "GET /api/aisle.php?idEvent=1&_=1510532253057 HTTP/1.1" 200 2654
::1 - - [13/Nov/2017:03:18:05 +0300] "GET /event/index.php?idEvent=1 HTTP/1.1" 200 2979
::1 - - [13/Nov/2017:03:18:05 +0300] "GET /resources/css/event.css HTTP/1.1" 200 485
::1 - - [13/Nov/2017:03:18:06 +0300] "GET /api/seat.php?idEvent=1&_=1510532285964 HTTP/1.1" 200 37686
::1 - - [13/Nov/2017:03:18:06 +0300] "GET /api/aisle.php?idEvent=1&_=1510532285965 HTTP/1.1" 200 2654
::1 - - [13/Nov/2017:03:18:23 +0300] "GET /event/index.php?idEvent=1 HTTP/1.1" 200 2979
::1 - - [13/Nov/2017:03:18:23 +0300] "GET /resources/css/event.css HTTP/1.1" 200 507
::1 - - [13/Nov/2017:03:18:24 +0300] "GET /api/seat.php?idEvent=1&_=1510532304545 HTTP/1.1" 200 37686
::1 - - [13/Nov/2017:03:18:25 +0300] "GET /api/aisle.php?idEvent=1&_=1510532304546 HTTP/1.1" 200 2654
::1 - - [13/Nov/2017:03:18:40 +0300] "GET /event/index.php?idEvent=1 HTTP/1.1" 200 2979
::1 - - [13/Nov/2017:03:18:40 +0300] "GET /resources/css/event.css HTTP/1.1" 200 522
::1 - - [13/Nov/2017:03:18:40 +0300] "GET /api/seat.php?idEvent=1&_=1510532320758 HTTP/1.1" 200 37686
::1 - - [13/Nov/2017:03:18:41 +0300] "GET /api/aisle.php?idEvent=1&_=1510532320759 HTTP/1.1" 200 2654
::1 - - [13/Nov/2017:03:22:41 +0300] "GET /event/index.php?idEvent=1 HTTP/1.1" 200 2979
::1 - - [13/Nov/2017:03:22:41 +0300] "GET /resources/css/event.css HTTP/1.1" 200 521
::1 - - [13/Nov/2017:03:22:42 +0300] "GET /api/seat.php?idEvent=1&_=1510532562434 HTTP/1.1" 200 37686
::1 - - [13/Nov/2017:03:22:43 +0300] "GET /api/aisle.php?idEvent=1&_=1510532562435 HTTP/1.1" 200 2654
::1 - - [13/Nov/2017:03:23:58 +0300] "GET /event/index.php?idEvent=1 HTTP/1.1" 200 2979
::1 - - [13/Nov/2017:03:23:58 +0300] "GET /resources/css/event.css HTTP/1.1" 200 510
::1 - - [13/Nov/2017:03:23:59 +0300] "GET /api/seat.php?idEvent=1&_=1510532639290 HTTP/1.1" 200 37686
::1 - - [13/Nov/2017:03:24:00 +0300] "GET /api/aisle.php?idEvent=1&_=1510532639291 HTTP/1.1" 200 2654
::1 - - [13/Nov/2017:03:24:10 +0300] "GET /event/index.php?idEvent=1 HTTP/1.1" 200 2979
::1 - - [13/Nov/2017:03:24:10 +0300] "GET /resources/css/event.css HTTP/1.1" 200 510
::1 - - [13/Nov/2017:03:24:10 +0300] "GET /api/seat.php?idEvent=1&_=1510532650541 HTTP/1.1" 200 37686
::1 - - [13/Nov/2017:03:24:11 +0300] "GET /api/aisle.php?idEvent=1&_=1510532650542 HTTP/1.1" 200 2654
::1 - - [13/Nov/2017:03:24:54 +0300] "GET /event/index.php?idEvent=1 HTTP/1.1" 200 2979
::1 - - [13/Nov/2017:03:24:54 +0300] "GET /resources/css/event.css HTTP/1.1" 200 510
::1 - - [13/Nov/2017:03:24:55 +0300] "GET /api/seat.php?idEvent=1&_=1510532695014 HTTP/1.1" 200 37686
::1 - - [13/Nov/2017:03:24:55 +0300] "GET /api/aisle.php?idEvent=1&_=1510532695015 HTTP/1.1" 200 2654
::1 - - [13/Nov/2017:03:25:52 +0300] "GET /event/index.php?idEvent=1 HTTP/1.1" 200 2979
::1 - - [13/Nov/2017:03:25:52 +0300] "GET /resources/css/event.css HTTP/1.1" 200 511
::1 - - [13/Nov/2017:03:25:52 +0300] "GET /api/seat.php?idEvent=1&_=1510532752825 HTTP/1.1" 200 37686
::1 - - [13/Nov/2017:03:25:53 +0300] "GET /api/aisle.php?idEvent=1&_=1510532752826 HTTP/1.1" 200 2654
::1 - - [13/Nov/2017:03:26:13 +0300] "GET /event/index.php?idEvent=1 HTTP/1.1" 200 2979
::1 - - [13/Nov/2017:03:26:13 +0300] "GET /resources/css/event.css HTTP/1.1" 200 491
::1 - - [13/Nov/2017:03:26:14 +0300] "GET /api/seat.php?idEvent=1&_=1510532774237 HTTP/1.1" 200 37686
::1 - - [13/Nov/2017:03:26:15 +0300] "GET /api/aisle.php?idEvent=1&_=1510532774238 HTTP/1.1" 200 2654
::1 - - [13/Nov/2017:03:26:34 +0300] "GET /event/index.php?idEvent=1 HTTP/1.1" 200 2979
::1 - - [13/Nov/2017:03:26:34 +0300] "GET /resources/css/event.css HTTP/1.1" 200 471
::1 - - [13/Nov/2017:03:26:34 +0300] "GET /api/seat.php?idEvent=1&_=1510532794601 HTTP/1.1" 200 37686
::1 - - [13/Nov/2017:03:26:35 +0300] "GET /api/aisle.php?idEvent=1&_=1510532794602 HTTP/1.1" 200 2654
::1 - - [13/Nov/2017:03:27:28 +0300] "GET /event/index.php?idEvent=1 HTTP/1.1" 200 2979
::1 - - [13/Nov/2017:03:27:28 +0300] "GET /resources/css/event.css HTTP/1.1" 200 494
::1 - - [13/Nov/2017:03:27:29 +0300] "GET /api/seat.php?idEvent=1&_=1510532849364 HTTP/1.1" 200 37686
::1 - - [13/Nov/2017:03:27:30 +0300] "GET /api/aisle.php?idEvent=1&_=1510532849365 HTTP/1.1" 200 2654
::1 - - [13/Nov/2017:03:27:44 +0300] "GET /event/index.php?idEvent=1 HTTP/1.1" 200 2979
::1 - - [13/Nov/2017:03:27:44 +0300] "GET /resources/css/event.css HTTP/1.1" 200 497
::1 - - [13/Nov/2017:03:27:44 +0300] "GET /api/seat.php?idEvent=1&_=1510532864653 HTTP/1.1" 200 37686
::1 - - [13/Nov/2017:03:27:45 +0300] "GET /api/aisle.php?idEvent=1&_=1510532864654 HTTP/1.1" 200 2654
::1 - - [13/Nov/2017:03:27:57 +0300] "GET /event/index.php?idEvent=1 HTTP/1.1" 200 2979
::1 - - [13/Nov/2017:03:27:57 +0300] "GET /resources/css/event.css HTTP/1.1" 200 495
::1 - - [13/Nov/2017:03:27:57 +0300] "GET /api/seat.php?idEvent=1&_=1510532877780 HTTP/1.1" 200 37686
::1 - - [13/Nov/2017:03:27:58 +0300] "GET /api/aisle.php?idEvent=1&_=1510532877781 HTTP/1.1" 200 2654
::1 - - [13/Nov/2017:03:29:21 +0300] "GET /event/index.php?idEvent=1 HTTP/1.1" 200 2979
::1 - - [13/Nov/2017:03:29:21 +0300] "GET /resources/css/event.css HTTP/1.1" 200 495
::1 - - [13/Nov/2017:03:29:22 +0300] "GET /api/seat.php?idEvent=1&_=1510532961744 HTTP/1.1" 200 37686
::1 - - [13/Nov/2017:03:29:23 +0300] "GET /api/aisle.php?idEvent=1&_=1510532961745 HTTP/1.1" 200 2654
::1 - - [13/Nov/2017:03:29:41 +0300] "GET /event/index.php?idEvent=1 HTTP/1.1" 200 2979
::1 - - [13/Nov/2017:03:29:41 +0300] "GET /resources/css/event.css HTTP/1.1" 200 494
::1 - - [13/Nov/2017:03:29:41 +0300] "GET /api/seat.php?idEvent=1&_=1510532981606 HTTP/1.1" 200 37686
::1 - - [13/Nov/2017:03:29:42 +0300] "GET /api/aisle.php?idEvent=1&_=1510532981607 HTTP/1.1" 200 2654
::1 - - [13/Nov/2017:03:29:50 +0300] "GET /event/index.php?idEvent=1 HTTP/1.1" 200 2979
::1 - - [13/Nov/2017:03:29:50 +0300] "GET /resources/css/event.css HTTP/1.1" 200 494
::1 - - [13/Nov/2017:03:29:51 +0300] "GET /api/seat.php?idEvent=1&_=1510532991199 HTTP/1.1" 200 37686
::1 - - [13/Nov/2017:03:29:52 +0300] "GET /api/aisle.php?idEvent=1&_=1510532991200 HTTP/1.1" 200 2654
::1 - - [13/Nov/2017:03:30:10 +0300] "GET /event/index.php?idEvent=1 HTTP/1.1" 200 2979
::1 - - [13/Nov/2017:03:30:10 +0300] "GET /resources/css/event.css HTTP/1.1" 200 492
::1 - - [13/Nov/2017:03:30:11 +0300] "GET /api/seat.php?idEvent=1&_=1510533011180 HTTP/1.1" 200 37686
::1 - - [13/Nov/2017:03:30:11 +0300] "GET /api/aisle.php?idEvent=1&_=1510533011181 HTTP/1.1" 200 2654
::1 - - [13/Nov/2017:03:30:28 +0300] "GET /event/index.php?idEvent=1 HTTP/1.1" 200 2979
::1 - - [13/Nov/2017:03:30:28 +0300] "GET /resources/css/event.css HTTP/1.1" 200 494
::1 - - [13/Nov/2017:03:30:28 +0300] "GET /api/seat.php?idEvent=1&_=1510533028767 HTTP/1.1" 200 37686
::1 - - [13/Nov/2017:03:30:29 +0300] "GET /api/aisle.php?idEvent=1&_=1510533028768 HTTP/1.1" 200 2654
192.168.0.74 - - [13/Nov/2017:03:32:22 +0300] "GET / HTTP/1.1" 200 636
192.168.0.74 - - [13/Nov/2017:03:32:27 +0300] "GET /favicon.ico HTTP/1.1" 404 299
192.168.0.74 - - [13/Nov/2017:03:32:36 +0300] "POST /index.php HTTP/1.1" 200 47
192.168.0.74 - - [13/Nov/2017:03:32:39 +0300] "GET /favicon.ico HTTP/1.1" 404 299
192.168.0.74 - - [13/Nov/2017:03:33:09 +0300] "GET /event/index.php?idEvent=1 HTTP/1.1" 200 2979
192.168.0.74 - - [13/Nov/2017:03:33:09 +0300] "GET /resources/js/common.js HTTP/1.1" 200 125
192.168.0.74 - - [13/Nov/2017:03:33:09 +0300] "GET /resources/css/event.css HTTP/1.1" 200 494
192.168.0.74 - - [13/Nov/2017:03:33:09 +0300] "GET /resources/js/jquery-3.2.1.js HTTP/1.1" 200 268039
192.168.0.74 - - [13/Nov/2017:03:33:10 +0300] "GET /api/seat.php?idEvent=1&_=1510533184276 HTTP/1.1" 200 37686
192.168.0.74 - - [13/Nov/2017:03:33:10 +0300] "GET /api/aisle.php?idEvent=1&_=1510533184277 HTTP/1.1" 200 2654
192.168.0.74 - - [13/Nov/2017:03:33:11 +0300] "GET /favicon.ico HTTP/1.1" 404 299
